---------------------------------------------------------------
[ 2017-08-04T14:45:43+08:00 ] 127.0.0.1 127.0.0.1 GET /frontend/excel/excel2
[ info ] www.thinkphp_ffmpeg.com/frontend/excel/excel2 [运行时间：0.068004s][吞吐率：14.70req/s] [内存消耗：5,272.41kb] [文件加载：97]
[ info ] [ LANG ] D:\wamp64\www\thinkphp5-study-line\thinkphp\lang\zh-cn.php
[ info ] [ ROUTE ] array (
  'type' => 'module',
  'module' => 
  array (
    0 => 'frontend',
    1 => 'excel',
    2 => 'excel2',
  ),
)
[ info ] [ HEADER ] array (
  'host' => 'www.thinkphp_ffmpeg.com',
  'user-agent' => 'Mozilla/5.0 (Windows NT 6.1; Win64; x64) AppleWebKit/537.36 (KHTML, like Gecko) Chrome/59.0.3071.115 Safari/537.36',
  'accept' => 'text/html,application/xhtml+xml,application/xml;q=0.9,image/webp,image/apng,*/*;q=0.8',
  'accept-encoding' => 'gzip, deflate',
  'accept-language' => 'zh-CN,zh;q=0.8,en-GB;q=0.6,en;q=0.4',
  'cache-control' => 'max-age=0',
  'cookie' => 'CNZZDATA1256642902=235755000-1501721003-%7C1501721003',
  'proxy-connection' => 'keep-alive',
  'socketlog' => 'SocketLog(tabid=84&client_id=)',
  'upgrade-insecure-requests' => '1',
)
[ info ] [ PARAM ] array (
)
[ info ] [ RUN ] app\frontend\controller\Excel->excel2[ D:\wamp64\www\thinkphp5-study-line\application\frontend\controller\Excel.php ]
[ info ] [ LOG ] INIT File
[ error ] [8]未定义数组下标: 1[D:\wamp64\www\thinkphp5-study-line\vendor\phpoffice\phpexcel\Classes\PHPExcel\Cell.php:809]
---------------------------------------------------------------
[ 2017-08-04T14:45:48+08:00 ] 127.0.0.1 127.0.0.1 GET /frontend/excel/excel2
[ info ] www.thinkphp_ffmpeg.com/frontend/excel/excel2 [运行时间：0.065003s][吞吐率：15.38req/s] [内存消耗：5,272.19kb] [文件加载：97]
[ info ] [ LANG ] D:\wamp64\www\thinkphp5-study-line\thinkphp\lang\zh-cn.php
[ info ] [ ROUTE ] array (
  'type' => 'module',
  'module' => 
  array (
    0 => 'frontend',
    1 => 'excel',
    2 => 'excel2',
  ),
)
[ info ] [ HEADER ] array (
  'host' => 'www.thinkphp_ffmpeg.com',
  'user-agent' => 'Mozilla/5.0 (Windows NT 6.1; Win64; x64) AppleWebKit/537.36 (KHTML, like Gecko) Chrome/59.0.3071.115 Safari/537.36',
  'accept' => 'text/html,application/xhtml+xml,application/xml;q=0.9,image/webp,image/apng,*/*;q=0.8',
  'accept-encoding' => 'gzip, deflate',
  'accept-language' => 'zh-CN,zh;q=0.8,en-GB;q=0.6,en;q=0.4',
  'cookie' => 'CNZZDATA1256642902=235755000-1501721003-%7C1501721003',
  'proxy-connection' => 'keep-alive',
  'socketlog' => 'SocketLog(tabid=88&client_id=)',
  'upgrade-insecure-requests' => '1',
)
[ info ] [ PARAM ] array (
)
[ info ] [ RUN ] app\frontend\controller\Excel->excel2[ D:\wamp64\www\thinkphp5-study-line\application\frontend\controller\Excel.php ]
[ info ] [ LOG ] INIT File
[ error ] [8]未定义数组下标: 1[D:\wamp64\www\thinkphp5-study-line\vendor\phpoffice\phpexcel\Classes\PHPExcel\Cell.php:809]
---------------------------------------------------------------
[ 2017-08-04T14:46:26+08:00 ] 127.0.0.1 127.0.0.1 GET /frontend/excel/excel2
[ info ] www.thinkphp_ffmpeg.com/frontend/excel/excel2 [运行时间：0.081005s][吞吐率：12.34req/s] [内存消耗：5,271.41kb] [文件加载：97]
[ info ] [ LANG ] D:\wamp64\www\thinkphp5-study-line\thinkphp\lang\zh-cn.php
[ info ] [ ROUTE ] array (
  'type' => 'module',
  'module' => 
  array (
    0 => 'frontend',
    1 => 'excel',
    2 => 'excel2',
  ),
)
[ info ] [ HEADER ] array (
  'host' => 'www.thinkphp_ffmpeg.com',
  'user-agent' => 'Mozilla/5.0 (Windows NT 6.1; Win64; x64) AppleWebKit/537.36 (KHTML, like Gecko) Chrome/59.0.3071.115 Safari/537.36',
  'accept' => 'text/html,application/xhtml+xml,application/xml;q=0.9,image/webp,image/apng,*/*;q=0.8',
  'accept-encoding' => 'gzip, deflate',
  'accept-language' => 'zh-CN,zh;q=0.8,en-GB;q=0.6,en;q=0.4',
  'cache-control' => 'max-age=0',
  'cookie' => 'CNZZDATA1256642902=235755000-1501721003-%7C1501721003',
  'proxy-connection' => 'keep-alive',
  'socketlog' => 'SocketLog(tabid=88&client_id=)',
  'upgrade-insecure-requests' => '1',
  'x-lantern-version' => '3.7.4',
)
[ info ] [ PARAM ] array (
)
[ info ] [ RUN ] app\frontend\controller\Excel->excel2[ D:\wamp64\www\thinkphp5-study-line\application\frontend\controller\Excel.php ]
[ info ] [ LOG ] INIT File
[ error ] [8]未定义数组下标: 1[D:\wamp64\www\thinkphp5-study-line\vendor\phpoffice\phpexcel\Classes\PHPExcel\Cell.php:809]
---------------------------------------------------------------
[ 2017-08-04T14:46:36+08:00 ] 127.0.0.1 127.0.0.1 GET /frontend/excel/excel2
[ info ] www.thinkphp_ffmpeg.com/frontend/excel/excel2 [运行时间：0.732042s][吞吐率：1.37req/s] [内存消耗：8,790.00kb] [文件加载：126]
[ info ] [ LANG ] D:\wamp64\www\thinkphp5-study-line\thinkphp\lang\zh-cn.php
[ info ] [ ROUTE ] array (
  'type' => 'module',
  'module' => 
  array (
    0 => 'frontend',
    1 => 'excel',
    2 => 'excel2',
  ),
)
[ info ] [ HEADER ] array (
  'host' => 'www.thinkphp_ffmpeg.com',
  'user-agent' => 'Mozilla/5.0 (Windows NT 6.1; Win64; x64) AppleWebKit/537.36 (KHTML, like Gecko) Chrome/59.0.3071.115 Safari/537.36',
  'accept' => 'text/html,application/xhtml+xml,application/xml;q=0.9,image/webp,image/apng,*/*;q=0.8',
  'accept-encoding' => 'gzip, deflate',
  'accept-language' => 'zh-CN,zh;q=0.8,en-GB;q=0.6,en;q=0.4',
  'cache-control' => 'max-age=0',
  'cookie' => 'CNZZDATA1256642902=235755000-1501721003-%7C1501721003',
  'proxy-connection' => 'keep-alive',
  'socketlog' => 'SocketLog(tabid=88&client_id=)',
  'upgrade-insecure-requests' => '1',
)
[ info ] [ PARAM ] array (
)
[ info ] [ RUN ] app\frontend\controller\Excel->excel2[ D:\wamp64\www\thinkphp5-study-line\application\frontend\controller\Excel.php ]
[ info ] [ DB ] INIT mysql
[ info ] [ LOG ] INIT File
[ sql ] [ DB ] CONNECT:[ UseTime:0.001000s ] mysql:dbname=thinkphp5;host=127.0.0.1;charset=utf8
[ sql ] [ SQL ] SHOW COLUMNS FROM `resty_invitation_live_info` [ RunTime:0.001000s ]
[ sql ] [ SQL ] SELECT * FROM `resty_invitation_live_info` `l` INNER JOIN `resty_invitation` `i` ON `i`.`infoId`=`l`.`id` WHERE  `l`.`liveId` = 'L02359' [ RunTime:0.019001s ]
[ sql ] [ SQL ] SELECT * FROM `resty_invitation_live_info` `l` INNER JOIN `resty_invitation` `i` ON `i`.`infoId`=`l`.`id` WHERE  `l`.`liveId` = 'L02359' [ RunTime:0.019001s ]
[ sql ] [ SQL ] SELECT * FROM `resty_invitation_live_info` `l` INNER JOIN `resty_invitation` `i` ON `i`.`infoId`=`l`.`id` WHERE  `l`.`liveId` = 'L02359' [ RunTime:0.018001s ]
[ sql ] [ SQL ] SELECT * FROM `resty_invitation_live_info` `l` INNER JOIN `resty_invitation` `i` ON `i`.`infoId`=`l`.`id` WHERE  `l`.`liveId` = 'L02359' [ RunTime:0.018001s ]
[ sql ] [ SQL ] SELECT * FROM `resty_invitation_live_info` `l` INNER JOIN `resty_invitation` `i` ON `i`.`infoId`=`l`.`id` WHERE  `l`.`liveId` = 'L02359' [ RunTime:0.018001s ]
[ sql ] [ SQL ] SELECT * FROM `resty_invitation_live_info` `l` INNER JOIN `resty_invitation` `i` ON `i`.`infoId`=`l`.`id` WHERE  `l`.`liveId` = 'L02359' [ RunTime:0.018002s ]
---------------------------------------------------------------
[ 2017-08-04T14:47:00+08:00 ] 127.0.0.1 127.0.0.1 GET /frontend/excel/excel2
[ info ] www.thinkphp_ffmpeg.com/frontend/excel/excel2 [运行时间：0.730042s][吞吐率：1.37req/s] [内存消耗：8,789.80kb] [文件加载：126]
[ info ] [ LANG ] D:\wamp64\www\thinkphp5-study-line\thinkphp\lang\zh-cn.php
[ info ] [ ROUTE ] array (
  'type' => 'module',
  'module' => 
  array (
    0 => 'frontend',
    1 => 'excel',
    2 => 'excel2',
  ),
)
[ info ] [ HEADER ] array (
  'host' => 'www.thinkphp_ffmpeg.com',
  'user-agent' => 'Mozilla/5.0 (Windows NT 6.1; Win64; x64) AppleWebKit/537.36 (KHTML, like Gecko) Chrome/59.0.3071.115 Safari/537.36',
  'accept' => 'text/html,application/xhtml+xml,application/xml;q=0.9,image/webp,image/apng,*/*;q=0.8',
  'accept-encoding' => 'gzip, deflate',
  'accept-language' => 'zh-CN,zh;q=0.8,en-GB;q=0.6,en;q=0.4',
  'cookie' => 'CNZZDATA1256642902=235755000-1501721003-%7C1501721003',
  'proxy-connection' => 'keep-alive',
  'socketlog' => 'SocketLog(tabid=92&client_id=)',
  'upgrade-insecure-requests' => '1',
)
[ info ] [ PARAM ] array (
)
[ info ] [ RUN ] app\frontend\controller\Excel->excel2[ D:\wamp64\www\thinkphp5-study-line\application\frontend\controller\Excel.php ]
[ info ] [ DB ] INIT mysql
[ info ] [ LOG ] INIT File
[ sql ] [ DB ] CONNECT:[ UseTime:0.001000s ] mysql:dbname=thinkphp5;host=127.0.0.1;charset=utf8
[ sql ] [ SQL ] SHOW COLUMNS FROM `resty_invitation_live_info` [ RunTime:0.000000s ]
[ sql ] [ SQL ] SELECT * FROM `resty_invitation_live_info` `l` INNER JOIN `resty_invitation` `i` ON `i`.`infoId`=`l`.`id` WHERE  `l`.`liveId` = 'L02359' [ RunTime:0.018001s ]
[ sql ] [ SQL ] SELECT * FROM `resty_invitation_live_info` `l` INNER JOIN `resty_invitation` `i` ON `i`.`infoId`=`l`.`id` WHERE  `l`.`liveId` = 'L02359' [ RunTime:0.019001s ]
[ sql ] [ SQL ] SELECT * FROM `resty_invitation_live_info` `l` INNER JOIN `resty_invitation` `i` ON `i`.`infoId`=`l`.`id` WHERE  `l`.`liveId` = 'L02359' [ RunTime:0.018001s ]
[ sql ] [ SQL ] SELECT * FROM `resty_invitation_live_info` `l` INNER JOIN `resty_invitation` `i` ON `i`.`infoId`=`l`.`id` WHERE  `l`.`liveId` = 'L02359' [ RunTime:0.019001s ]
[ sql ] [ SQL ] SELECT * FROM `resty_invitation_live_info` `l` INNER JOIN `resty_invitation` `i` ON `i`.`infoId`=`l`.`id` WHERE  `l`.`liveId` = 'L02359' [ RunTime:0.019001s ]
[ sql ] [ SQL ] SELECT * FROM `resty_invitation_live_info` `l` INNER JOIN `resty_invitation` `i` ON `i`.`infoId`=`l`.`id` WHERE  `l`.`liveId` = 'L02359' [ RunTime:0.021001s ]
---------------------------------------------------------------
[ 2017-08-04T14:47:31+08:00 ] 127.0.0.1 127.0.0.1 GET /frontend/excel/excel2
[ info ] www.thinkphp_ffmpeg.com/frontend/excel/excel2 [运行时间：0.706041s][吞吐率：1.42req/s] [内存消耗：8,789.80kb] [文件加载：126]
[ info ] [ LANG ] D:\wamp64\www\thinkphp5-study-line\thinkphp\lang\zh-cn.php
[ info ] [ ROUTE ] array (
  'type' => 'module',
  'module' => 
  array (
    0 => 'frontend',
    1 => 'excel',
    2 => 'excel2',
  ),
)
[ info ] [ HEADER ] array (
  'host' => 'www.thinkphp_ffmpeg.com',
  'user-agent' => 'Mozilla/5.0 (Windows NT 6.1; Win64; x64) AppleWebKit/537.36 (KHTML, like Gecko) Chrome/59.0.3071.115 Safari/537.36',
  'accept' => 'text/html,application/xhtml+xml,application/xml;q=0.9,image/webp,image/apng,*/*;q=0.8',
  'accept-encoding' => 'gzip, deflate',
  'accept-language' => 'zh-CN,zh;q=0.8,en-GB;q=0.6,en;q=0.4',
  'cookie' => 'CNZZDATA1256642902=235755000-1501721003-%7C1501721003',
  'proxy-connection' => 'keep-alive',
  'socketlog' => 'SocketLog(tabid=92&client_id=)',
  'upgrade-insecure-requests' => '1',
)
[ info ] [ PARAM ] array (
)
[ info ] [ RUN ] app\frontend\controller\Excel->excel2[ D:\wamp64\www\thinkphp5-study-line\application\frontend\controller\Excel.php ]
[ info ] [ DB ] INIT mysql
[ info ] [ LOG ] INIT File
[ sql ] [ DB ] CONNECT:[ UseTime:0.000000s ] mysql:dbname=thinkphp5;host=127.0.0.1;charset=utf8
[ sql ] [ SQL ] SHOW COLUMNS FROM `resty_invitation_live_info` [ RunTime:0.001000s ]
[ sql ] [ SQL ] SELECT * FROM `resty_invitation_live_info` `l` INNER JOIN `resty_invitation` `i` ON `i`.`infoId`=`l`.`id` WHERE  `l`.`liveId` = 'L02359' [ RunTime:0.018001s ]
[ sql ] [ SQL ] SELECT * FROM `resty_invitation_live_info` `l` INNER JOIN `resty_invitation` `i` ON `i`.`infoId`=`l`.`id` WHERE  `l`.`liveId` = 'L02359' [ RunTime:0.018001s ]
[ sql ] [ SQL ] SELECT * FROM `resty_invitation_live_info` `l` INNER JOIN `resty_invitation` `i` ON `i`.`infoId`=`l`.`id` WHERE  `l`.`liveId` = 'L02359' [ RunTime:0.018001s ]
[ sql ] [ SQL ] SELECT * FROM `resty_invitation_live_info` `l` INNER JOIN `resty_invitation` `i` ON `i`.`infoId`=`l`.`id` WHERE  `l`.`liveId` = 'L02359' [ RunTime:0.018001s ]
[ sql ] [ SQL ] SELECT * FROM `resty_invitation_live_info` `l` INNER JOIN `resty_invitation` `i` ON `i`.`infoId`=`l`.`id` WHERE  `l`.`liveId` = 'L02359' [ RunTime:0.018001s ]
[ sql ] [ SQL ] SELECT * FROM `resty_invitation_live_info` `l` INNER JOIN `resty_invitation` `i` ON `i`.`infoId`=`l`.`id` WHERE  `l`.`liveId` = 'L02359' [ RunTime:0.019001s ]
---------------------------------------------------------------
[ 2017-08-04T14:48:14+08:00 ] 127.0.0.1 127.0.0.1 GET /frontend/excel/excel2
[ info ] www.thinkphp_ffmpeg.com/frontend/excel/excel2 [运行时间：0.720042s][吞吐率：1.39req/s] [内存消耗：8,795.44kb] [文件加载：126]
[ info ] [ LANG ] D:\wamp64\www\thinkphp5-study-line\thinkphp\lang\zh-cn.php
[ info ] [ ROUTE ] array (
  'type' => 'module',
  'module' => 
  array (
    0 => 'frontend',
    1 => 'excel',
    2 => 'excel2',
  ),
)
[ info ] [ HEADER ] array (
  'host' => 'www.thinkphp_ffmpeg.com',
  'user-agent' => 'Mozilla/5.0 (Windows NT 6.1; Win64; x64) AppleWebKit/537.36 (KHTML, like Gecko) Chrome/59.0.3071.115 Safari/537.36',
  'accept' => 'text/html,application/xhtml+xml,application/xml;q=0.9,image/webp,image/apng,*/*;q=0.8',
  'accept-encoding' => 'gzip, deflate',
  'accept-language' => 'zh-CN,zh;q=0.8,en-GB;q=0.6,en;q=0.4',
  'cookie' => 'CNZZDATA1256642902=235755000-1501721003-%7C1501721003',
  'proxy-connection' => 'keep-alive',
  'socketlog' => 'SocketLog(tabid=92&client_id=)',
  'upgrade-insecure-requests' => '1',
)
[ info ] [ PARAM ] array (
)
[ info ] [ RUN ] app\frontend\controller\Excel->excel2[ D:\wamp64\www\thinkphp5-study-line\application\frontend\controller\Excel.php ]
[ info ] [ DB ] INIT mysql
[ info ] [ LOG ] INIT File
[ sql ] [ DB ] CONNECT:[ UseTime:0.000000s ] mysql:dbname=thinkphp5;host=127.0.0.1;charset=utf8
[ sql ] [ SQL ] SHOW COLUMNS FROM `resty_invitation_live_info` [ RunTime:0.001000s ]
[ sql ] [ SQL ] SELECT * FROM `resty_invitation_live_info` `l` INNER JOIN `resty_invitation` `i` ON `i`.`infoId`=`l`.`id` WHERE  `l`.`liveId` = 'L02359' [ RunTime:0.019001s ]
[ sql ] [ SQL ] SELECT * FROM `resty_invitation_live_info` `l` INNER JOIN `resty_invitation` `i` ON `i`.`infoId`=`l`.`id` WHERE  `l`.`liveId` = 'L02359' [ RunTime:0.019001s ]
[ sql ] [ SQL ] SELECT * FROM `resty_invitation_live_info` `l` INNER JOIN `resty_invitation` `i` ON `i`.`infoId`=`l`.`id` WHERE  `l`.`liveId` = 'L02359' [ RunTime:0.018001s ]
[ sql ] [ SQL ] SELECT * FROM `resty_invitation_live_info` `l` INNER JOIN `resty_invitation` `i` ON `i`.`infoId`=`l`.`id` WHERE  `l`.`liveId` = 'L02359' [ RunTime:0.019001s ]
[ sql ] [ SQL ] SELECT * FROM `resty_invitation_live_info` `l` INNER JOIN `resty_invitation` `i` ON `i`.`infoId`=`l`.`id` WHERE  `l`.`liveId` = 'L02359' [ RunTime:0.019001s ]
[ sql ] [ SQL ] SELECT * FROM `resty_invitation_live_info` `l` INNER JOIN `resty_invitation` `i` ON `i`.`infoId`=`l`.`id` WHERE  `l`.`liveId` = 'L02359' [ RunTime:0.019001s ]
---------------------------------------------------------------
[ 2017-08-04T14:48:52+08:00 ] 127.0.0.1 127.0.0.1 GET /frontend/excel/excel2
[ info ] www.thinkphp_ffmpeg.com/frontend/excel/excel2 [运行时间：0.781044s][吞吐率：1.28req/s] [内存消耗：8,871.33kb] [文件加载：126]
[ info ] [ LANG ] D:\wamp64\www\thinkphp5-study-line\thinkphp\lang\zh-cn.php
[ info ] [ ROUTE ] array (
  'type' => 'module',
  'module' => 
  array (
    0 => 'frontend',
    1 => 'excel',
    2 => 'excel2',
  ),
)
[ info ] [ HEADER ] array (
  'host' => 'www.thinkphp_ffmpeg.com',
  'user-agent' => 'Mozilla/5.0 (Windows NT 6.1; Win64; x64) AppleWebKit/537.36 (KHTML, like Gecko) Chrome/59.0.3071.115 Safari/537.36',
  'accept' => 'text/html,application/xhtml+xml,application/xml;q=0.9,image/webp,image/apng,*/*;q=0.8',
  'accept-encoding' => 'gzip, deflate',
  'accept-language' => 'zh-CN,zh;q=0.8,en-GB;q=0.6,en;q=0.4',
  'cookie' => 'CNZZDATA1256642902=235755000-1501721003-%7C1501721003',
  'proxy-connection' => 'keep-alive',
  'socketlog' => 'SocketLog(tabid=92&client_id=)',
  'upgrade-insecure-requests' => '1',
)
[ info ] [ PARAM ] array (
)
[ info ] [ RUN ] app\frontend\controller\Excel->excel2[ D:\wamp64\www\thinkphp5-study-line\application\frontend\controller\Excel.php ]
[ info ] [ DB ] INIT mysql
[ info ] [ LOG ] INIT File
[ sql ] [ DB ] CONNECT:[ UseTime:0.000000s ] mysql:dbname=thinkphp5;host=127.0.0.1;charset=utf8
[ sql ] [ SQL ] SHOW COLUMNS FROM `resty_invitation_live_info` [ RunTime:0.000000s ]
[ sql ] [ SQL ] SELECT * FROM `resty_invitation_live_info` `l` INNER JOIN `resty_invitation` `i` ON `i`.`infoId`=`l`.`id` WHERE  `l`.`liveId` = 'L02359' [ RunTime:0.019001s ]
[ sql ] [ SQL ] SELECT * FROM `resty_invitation_live_info` `l` INNER JOIN `resty_invitation` `i` ON `i`.`infoId`=`l`.`id` WHERE  `l`.`liveId` = 'L02359' [ RunTime:0.021001s ]
[ sql ] [ SQL ] SELECT * FROM `resty_invitation_live_info` `l` INNER JOIN `resty_invitation` `i` ON `i`.`infoId`=`l`.`id` WHERE  `l`.`liveId` = 'L02359' [ RunTime:0.018001s ]
[ sql ] [ SQL ] SELECT * FROM `resty_invitation_live_info` `l` INNER JOIN `resty_invitation` `i` ON `i`.`infoId`=`l`.`id` WHERE  `l`.`liveId` = 'L02359' [ RunTime:0.018001s ]
[ sql ] [ SQL ] SELECT * FROM `resty_invitation_live_info` `l` INNER JOIN `resty_invitation` `i` ON `i`.`infoId`=`l`.`id` WHERE  `l`.`liveId` = 'L02359' [ RunTime:0.018001s ]
[ sql ] [ SQL ] SELECT * FROM `resty_invitation_live_info` `l` INNER JOIN `resty_invitation` `i` ON `i`.`infoId`=`l`.`id` WHERE  `l`.`liveId` = 'L02359' [ RunTime:0.018001s ]
---------------------------------------------------------------
[ 2017-08-04T14:49:27+08:00 ] 127.0.0.1 127.0.0.1 GET /frontend/excel/excel2
[ info ] www.thinkphp_ffmpeg.com/frontend/excel/excel2 [运行时间：0.068004s][吞吐率：14.70req/s] [内存消耗：5,283.72kb] [文件加载：97]
[ info ] [ LANG ] D:\wamp64\www\thinkphp5-study-line\thinkphp\lang\zh-cn.php
[ info ] [ ROUTE ] array (
  'type' => 'module',
  'module' => 
  array (
    0 => 'frontend',
    1 => 'excel',
    2 => 'excel2',
  ),
)
[ info ] [ HEADER ] array (
  'host' => 'www.thinkphp_ffmpeg.com',
  'user-agent' => 'Mozilla/5.0 (Windows NT 6.1; Win64; x64) AppleWebKit/537.36 (KHTML, like Gecko) Chrome/59.0.3071.115 Safari/537.36',
  'accept' => 'text/html,application/xhtml+xml,application/xml;q=0.9,image/webp,image/apng,*/*;q=0.8',
  'accept-encoding' => 'gzip, deflate',
  'accept-language' => 'zh-CN,zh;q=0.8,en-GB;q=0.6,en;q=0.4',
  'cookie' => 'CNZZDATA1256642902=235755000-1501721003-%7C1501721003',
  'proxy-connection' => 'keep-alive',
  'socketlog' => 'SocketLog(tabid=92&client_id=)',
  'upgrade-insecure-requests' => '1',
)
[ info ] [ PARAM ] array (
)
[ info ] [ RUN ] app\frontend\controller\Excel->excel2[ D:\wamp64\www\thinkphp5-study-line\application\frontend\controller\Excel.php ]
[ info ] [ LOG ] INIT File
[ error ] [8]未定义数组下标: 1[D:\wamp64\www\thinkphp5-study-line\vendor\phpoffice\phpexcel\Classes\PHPExcel\Cell.php:809]
---------------------------------------------------------------
[ 2017-08-04T14:50:26+08:00 ] 127.0.0.1 127.0.0.1 GET /frontend/excel/excel2
[ info ] www.thinkphp_ffmpeg.com/frontend/excel/excel2 [运行时间：0.088005s][吞吐率：11.36req/s] [内存消耗：5,283.88kb] [文件加载：96]
[ info ] [ LANG ] D:\wamp64\www\thinkphp5-study-line\thinkphp\lang\zh-cn.php
[ info ] [ ROUTE ] array (
  'type' => 'module',
  'module' => 
  array (
    0 => 'frontend',
    1 => 'excel',
    2 => 'excel2',
  ),
)
[ info ] [ HEADER ] array (
  'host' => 'www.thinkphp_ffmpeg.com',
  'user-agent' => 'Mozilla/5.0 (Windows NT 6.1; Win64; x64) AppleWebKit/537.36 (KHTML, like Gecko) Chrome/59.0.3071.115 Safari/537.36',
  'accept' => 'text/html,application/xhtml+xml,application/xml;q=0.9,image/webp,image/apng,*/*;q=0.8',
  'accept-encoding' => 'gzip, deflate',
  'accept-language' => 'zh-CN,zh;q=0.8,en-GB;q=0.6,en;q=0.4',
  'cache-control' => 'max-age=0',
  'cookie' => 'CNZZDATA1256642902=235755000-1501721003-%7C1501721003',
  'proxy-connection' => 'keep-alive',
  'socketlog' => 'SocketLog(tabid=92&client_id=)',
  'upgrade-insecure-requests' => '1',
  'x-lantern-version' => '3.7.4',
)
[ info ] [ PARAM ] array (
)
[ info ] [ RUN ] app\frontend\controller\Excel->excel2[ D:\wamp64\www\thinkphp5-study-line\application\frontend\controller\Excel.php ]
[ info ] [ LOG ] INIT File
[ error ] [0]致命错误: Call to undefined method PHPExcel_Worksheet_RowDimension::setWidth()[D:\wamp64\www\thinkphp5-study-line\application\frontend\controller\Excel.php:159]
---------------------------------------------------------------
[ 2017-08-04T14:54:26+08:00 ] 127.0.0.1 127.0.0.1 GET /frontend/excel/excel2
[ info ] www.thinkphp_ffmpeg.com/frontend/excel/excel2 [运行时间：0.780045s][吞吐率：1.28req/s] [内存消耗：8,872.00kb] [文件加载：126]
[ info ] [ LANG ] D:\wamp64\www\thinkphp5-study-line\thinkphp\lang\zh-cn.php
[ info ] [ ROUTE ] array (
  'type' => 'module',
  'module' => 
  array (
    0 => 'frontend',
    1 => 'excel',
    2 => 'excel2',
  ),
)
[ info ] [ HEADER ] array (
  'host' => 'www.thinkphp_ffmpeg.com',
  'user-agent' => 'Mozilla/5.0 (Windows NT 6.1; Win64; x64) AppleWebKit/537.36 (KHTML, like Gecko) Chrome/59.0.3071.115 Safari/537.36',
  'accept' => 'text/html,application/xhtml+xml,application/xml;q=0.9,image/webp,image/apng,*/*;q=0.8',
  'accept-encoding' => 'gzip, deflate',
  'accept-language' => 'zh-CN,zh;q=0.8,en-GB;q=0.6,en;q=0.4',
  'cache-control' => 'max-age=0',
  'cookie' => 'CNZZDATA1256642902=235755000-1501721003-%7C1501721003',
  'proxy-connection' => 'keep-alive',
  'socketlog' => 'SocketLog(tabid=92&client_id=)',
  'upgrade-insecure-requests' => '1',
  'x-lantern-version' => '3.7.4',
)
[ info ] [ PARAM ] array (
)
[ info ] [ RUN ] app\frontend\controller\Excel->excel2[ D:\wamp64\www\thinkphp5-study-line\application\frontend\controller\Excel.php ]
[ info ] [ DB ] INIT mysql
[ info ] [ LOG ] INIT File
[ sql ] [ DB ] CONNECT:[ UseTime:0.000000s ] mysql:dbname=thinkphp5;host=127.0.0.1;charset=utf8
[ sql ] [ SQL ] SHOW COLUMNS FROM `resty_invitation_live_info` [ RunTime:0.000000s ]
[ sql ] [ SQL ] SELECT * FROM `resty_invitation_live_info` `l` INNER JOIN `resty_invitation` `i` ON `i`.`infoId`=`l`.`id` WHERE  `l`.`liveId` = 'L02359' [ RunTime:0.019001s ]
[ sql ] [ SQL ] SELECT * FROM `resty_invitation_live_info` `l` INNER JOIN `resty_invitation` `i` ON `i`.`infoId`=`l`.`id` WHERE  `l`.`liveId` = 'L02359' [ RunTime:0.020001s ]
[ sql ] [ SQL ] SELECT * FROM `resty_invitation_live_info` `l` INNER JOIN `resty_invitation` `i` ON `i`.`infoId`=`l`.`id` WHERE  `l`.`liveId` = 'L02359' [ RunTime:0.019001s ]
[ sql ] [ SQL ] SELECT * FROM `resty_invitation_live_info` `l` INNER JOIN `resty_invitation` `i` ON `i`.`infoId`=`l`.`id` WHERE  `l`.`liveId` = 'L02359' [ RunTime:0.019001s ]
[ sql ] [ SQL ] SELECT * FROM `resty_invitation_live_info` `l` INNER JOIN `resty_invitation` `i` ON `i`.`infoId`=`l`.`id` WHERE  `l`.`liveId` = 'L02359' [ RunTime:0.019001s ]
[ sql ] [ SQL ] SELECT * FROM `resty_invitation_live_info` `l` INNER JOIN `resty_invitation` `i` ON `i`.`infoId`=`l`.`id` WHERE  `l`.`liveId` = 'L02359' [ RunTime:0.019001s ]
---------------------------------------------------------------
[ 2017-08-04T14:55:00+08:00 ] 127.0.0.1 127.0.0.1 GET /frontend/excel/excel2
[ info ] www.thinkphp_ffmpeg.com/frontend/excel/excel2 [运行时间：0.787045s][吞吐率：1.27req/s] [内存消耗：8,871.69kb] [文件加载：126]
[ info ] [ LANG ] D:\wamp64\www\thinkphp5-study-line\thinkphp\lang\zh-cn.php
[ info ] [ ROUTE ] array (
  'type' => 'module',
  'module' => 
  array (
    0 => 'frontend',
    1 => 'excel',
    2 => 'excel2',
  ),
)
[ info ] [ HEADER ] array (
  'host' => 'www.thinkphp_ffmpeg.com',
  'user-agent' => 'Mozilla/5.0 (Windows NT 6.1; Win64; x64) AppleWebKit/537.36 (KHTML, like Gecko) Chrome/59.0.3071.115 Safari/537.36',
  'accept' => 'text/html,application/xhtml+xml,application/xml;q=0.9,image/webp,image/apng,*/*;q=0.8',
  'accept-encoding' => 'gzip, deflate',
  'accept-language' => 'zh-CN,zh;q=0.8,en-GB;q=0.6,en;q=0.4',
  'cookie' => 'CNZZDATA1256642902=235755000-1501721003-%7C1501721003',
  'proxy-connection' => 'keep-alive',
  'socketlog' => 'SocketLog(tabid=96&client_id=)',
  'upgrade-insecure-requests' => '1',
)
[ info ] [ PARAM ] array (
)
[ info ] [ RUN ] app\frontend\controller\Excel->excel2[ D:\wamp64\www\thinkphp5-study-line\application\frontend\controller\Excel.php ]
[ info ] [ DB ] INIT mysql
[ info ] [ LOG ] INIT File
[ sql ] [ DB ] CONNECT:[ UseTime:0.000000s ] mysql:dbname=thinkphp5;host=127.0.0.1;charset=utf8
[ sql ] [ SQL ] SHOW COLUMNS FROM `resty_invitation_live_info` [ RunTime:0.001000s ]
[ sql ] [ SQL ] SELECT * FROM `resty_invitation_live_info` `l` INNER JOIN `resty_invitation` `i` ON `i`.`infoId`=`l`.`id` WHERE  `l`.`liveId` = 'L02359' [ RunTime:0.018001s ]
[ sql ] [ SQL ] SELECT * FROM `resty_invitation_live_info` `l` INNER JOIN `resty_invitation` `i` ON `i`.`infoId`=`l`.`id` WHERE  `l`.`liveId` = 'L02359' [ RunTime:0.019001s ]
[ sql ] [ SQL ] SELECT * FROM `resty_invitation_live_info` `l` INNER JOIN `resty_invitation` `i` ON `i`.`infoId`=`l`.`id` WHERE  `l`.`liveId` = 'L02359' [ RunTime:0.019001s ]
[ sql ] [ SQL ] SELECT * FROM `resty_invitation_live_info` `l` INNER JOIN `resty_invitation` `i` ON `i`.`infoId`=`l`.`id` WHERE  `l`.`liveId` = 'L02359' [ RunTime:0.018001s ]
[ sql ] [ SQL ] SELECT * FROM `resty_invitation_live_info` `l` INNER JOIN `resty_invitation` `i` ON `i`.`infoId`=`l`.`id` WHERE  `l`.`liveId` = 'L02359' [ RunTime:0.019002s ]
[ sql ] [ SQL ] SELECT * FROM `resty_invitation_live_info` `l` INNER JOIN `resty_invitation` `i` ON `i`.`infoId`=`l`.`id` WHERE  `l`.`liveId` = 'L02359' [ RunTime:0.018001s ]
---------------------------------------------------------------
[ 2017-08-04T14:55:28+08:00 ] 127.0.0.1 127.0.0.1 GET /frontend/excel/excel2
[ info ] www.thinkphp_ffmpeg.com/frontend/excel/excel2 [运行时间：0.788045s][吞吐率：1.27req/s] [内存消耗：8,871.69kb] [文件加载：126]
[ info ] [ LANG ] D:\wamp64\www\thinkphp5-study-line\thinkphp\lang\zh-cn.php
[ info ] [ ROUTE ] array (
  'type' => 'module',
  'module' => 
  array (
    0 => 'frontend',
    1 => 'excel',
    2 => 'excel2',
  ),
)
[ info ] [ HEADER ] array (
  'host' => 'www.thinkphp_ffmpeg.com',
  'user-agent' => 'Mozilla/5.0 (Windows NT 6.1; Win64; x64) AppleWebKit/537.36 (KHTML, like Gecko) Chrome/59.0.3071.115 Safari/537.36',
  'accept' => 'text/html,application/xhtml+xml,application/xml;q=0.9,image/webp,image/apng,*/*;q=0.8',
  'accept-encoding' => 'gzip, deflate',
  'accept-language' => 'zh-CN,zh;q=0.8,en-GB;q=0.6,en;q=0.4',
  'cookie' => 'CNZZDATA1256642902=235755000-1501721003-%7C1501721003',
  'proxy-connection' => 'keep-alive',
  'socketlog' => 'SocketLog(tabid=96&client_id=)',
  'upgrade-insecure-requests' => '1',
)
[ info ] [ PARAM ] array (
)
[ info ] [ RUN ] app\frontend\controller\Excel->excel2[ D:\wamp64\www\thinkphp5-study-line\application\frontend\controller\Excel.php ]
[ info ] [ DB ] INIT mysql
[ info ] [ LOG ] INIT File
[ sql ] [ DB ] CONNECT:[ UseTime:0.010000s ] mysql:dbname=thinkphp5;host=127.0.0.1;charset=utf8
[ sql ] [ SQL ] SHOW COLUMNS FROM `resty_invitation_live_info` [ RunTime:0.001000s ]
[ sql ] [ SQL ] SELECT * FROM `resty_invitation_live_info` `l` INNER JOIN `resty_invitation` `i` ON `i`.`infoId`=`l`.`id` WHERE  `l`.`liveId` = 'L02359' [ RunTime:0.019001s ]
[ sql ] [ SQL ] SELECT * FROM `resty_invitation_live_info` `l` INNER JOIN `resty_invitation` `i` ON `i`.`infoId`=`l`.`id` WHERE  `l`.`liveId` = 'L02359' [ RunTime:0.019001s ]
[ sql ] [ SQL ] SELECT * FROM `resty_invitation_live_info` `l` INNER JOIN `resty_invitation` `i` ON `i`.`infoId`=`l`.`id` WHERE  `l`.`liveId` = 'L02359' [ RunTime:0.018001s ]
[ sql ] [ SQL ] SELECT * FROM `resty_invitation_live_info` `l` INNER JOIN `resty_invitation` `i` ON `i`.`infoId`=`l`.`id` WHERE  `l`.`liveId` = 'L02359' [ RunTime:0.019001s ]
[ sql ] [ SQL ] SELECT * FROM `resty_invitation_live_info` `l` INNER JOIN `resty_invitation` `i` ON `i`.`infoId`=`l`.`id` WHERE  `l`.`liveId` = 'L02359' [ RunTime:0.018001s ]
[ sql ] [ SQL ] SELECT * FROM `resty_invitation_live_info` `l` INNER JOIN `resty_invitation` `i` ON `i`.`infoId`=`l`.`id` WHERE  `l`.`liveId` = 'L02359' [ RunTime:0.019001s ]
---------------------------------------------------------------
[ 2017-08-04T14:59:16+08:00 ] 127.0.0.1 127.0.0.1 GET /frontend/excel/excel2
[ info ] www.thinkphp_ffmpeg.com/frontend/excel/excel2 [运行时间：0.985056s][吞吐率：1.02req/s] [内存消耗：8,872.50kb] [文件加载：126]
[ info ] [ LANG ] D:\wamp64\www\thinkphp5-study-line\thinkphp\lang\zh-cn.php
[ info ] [ ROUTE ] array (
  'type' => 'module',
  'module' => 
  array (
    0 => 'frontend',
    1 => 'excel',
    2 => 'excel2',
  ),
)
[ info ] [ HEADER ] array (
  'host' => 'www.thinkphp_ffmpeg.com',
  'user-agent' => 'Mozilla/5.0 (Windows NT 6.1; Win64; x64) AppleWebKit/537.36 (KHTML, like Gecko) Chrome/59.0.3071.115 Safari/537.36',
  'accept' => 'text/html,application/xhtml+xml,application/xml;q=0.9,image/webp,image/apng,*/*;q=0.8',
  'accept-encoding' => 'gzip, deflate',
  'accept-language' => 'zh-CN,zh;q=0.8,en-GB;q=0.6,en;q=0.4',
  'cookie' => 'CNZZDATA1256642902=235755000-1501721003-%7C1501721003',
  'proxy-connection' => 'keep-alive',
  'socketlog' => 'SocketLog(tabid=96&client_id=)',
  'upgrade-insecure-requests' => '1',
)
[ info ] [ PARAM ] array (
)
[ info ] [ RUN ] app\frontend\controller\Excel->excel2[ D:\wamp64\www\thinkphp5-study-line\application\frontend\controller\Excel.php ]
[ info ] [ DB ] INIT mysql
[ info ] [ LOG ] INIT File
[ sql ] [ DB ] CONNECT:[ UseTime:0.010001s ] mysql:dbname=thinkphp5;host=127.0.0.1;charset=utf8
[ sql ] [ SQL ] SHOW COLUMNS FROM `resty_invitation_live_info` [ RunTime:0.000000s ]
[ sql ] [ SQL ] SELECT * FROM `resty_invitation_live_info` `l` INNER JOIN `resty_invitation` `i` ON `i`.`infoId`=`l`.`id` WHERE  `l`.`liveId` = 'L02359' [ RunTime:0.018001s ]
[ sql ] [ SQL ] SELECT * FROM `resty_invitation_live_info` `l` INNER JOIN `resty_invitation` `i` ON `i`.`infoId`=`l`.`id` WHERE  `l`.`liveId` = 'L02359' [ RunTime:0.019002s ]
[ sql ] [ SQL ] SELECT * FROM `resty_invitation_live_info` `l` INNER JOIN `resty_invitation` `i` ON `i`.`infoId`=`l`.`id` WHERE  `l`.`liveId` = 'L02359' [ RunTime:0.019001s ]
[ sql ] [ SQL ] SELECT * FROM `resty_invitation_live_info` `l` INNER JOIN `resty_invitation` `i` ON `i`.`infoId`=`l`.`id` WHERE  `l`.`liveId` = 'L02359' [ RunTime:0.018001s ]
[ sql ] [ SQL ] SELECT * FROM `resty_invitation_live_info` `l` INNER JOIN `resty_invitation` `i` ON `i`.`infoId`=`l`.`id` WHERE  `l`.`liveId` = 'L02359' [ RunTime:0.019001s ]
[ sql ] [ SQL ] SELECT * FROM `resty_invitation_live_info` `l` INNER JOIN `resty_invitation` `i` ON `i`.`infoId`=`l`.`id` WHERE  `l`.`liveId` = 'L02359' [ RunTime:0.018001s ]
---------------------------------------------------------------
[ 2017-08-04T14:59:44+08:00 ] 127.0.0.1 127.0.0.1 GET /frontend/excel/excel2
[ info ] www.thinkphp_ffmpeg.com/frontend/excel/excel2 [运行时间：1.012058s][吞吐率：0.99req/s] [内存消耗：8,872.50kb] [文件加载：126]
[ info ] [ LANG ] D:\wamp64\www\thinkphp5-study-line\thinkphp\lang\zh-cn.php
[ info ] [ ROUTE ] array (
  'type' => 'module',
  'module' => 
  array (
    0 => 'frontend',
    1 => 'excel',
    2 => 'excel2',
  ),
)
[ info ] [ HEADER ] array (
  'host' => 'www.thinkphp_ffmpeg.com',
  'user-agent' => 'Mozilla/5.0 (Windows NT 6.1; Win64; x64) AppleWebKit/537.36 (KHTML, like Gecko) Chrome/59.0.3071.115 Safari/537.36',
  'accept' => 'text/html,application/xhtml+xml,application/xml;q=0.9,image/webp,image/apng,*/*;q=0.8',
  'accept-encoding' => 'gzip, deflate',
  'accept-language' => 'zh-CN,zh;q=0.8,en-GB;q=0.6,en;q=0.4',
  'cookie' => 'CNZZDATA1256642902=235755000-1501721003-%7C1501721003',
  'proxy-connection' => 'keep-alive',
  'socketlog' => 'SocketLog(tabid=96&client_id=)',
  'upgrade-insecure-requests' => '1',
)
[ info ] [ PARAM ] array (
)
[ info ] [ RUN ] app\frontend\controller\Excel->excel2[ D:\wamp64\www\thinkphp5-study-line\application\frontend\controller\Excel.php ]
[ info ] [ DB ] INIT mysql
[ info ] [ LOG ] INIT File
[ sql ] [ DB ] CONNECT:[ UseTime:0.000000s ] mysql:dbname=thinkphp5;host=127.0.0.1;charset=utf8
[ sql ] [ SQL ] SHOW COLUMNS FROM `resty_invitation_live_info` [ RunTime:0.001000s ]
[ sql ] [ SQL ] SELECT * FROM `resty_invitation_live_info` `l` INNER JOIN `resty_invitation` `i` ON `i`.`infoId`=`l`.`id` WHERE  `l`.`liveId` = 'L02359' [ RunTime:0.019001s ]
[ sql ] [ SQL ] SELECT * FROM `resty_invitation_live_info` `l` INNER JOIN `resty_invitation` `i` ON `i`.`infoId`=`l`.`id` WHERE  `l`.`liveId` = 'L02359' [ RunTime:0.018001s ]
[ sql ] [ SQL ] SELECT * FROM `resty_invitation_live_info` `l` INNER JOIN `resty_invitation` `i` ON `i`.`infoId`=`l`.`id` WHERE  `l`.`liveId` = 'L02359' [ RunTime:0.018001s ]
[ sql ] [ SQL ] SELECT * FROM `resty_invitation_live_info` `l` INNER JOIN `resty_invitation` `i` ON `i`.`infoId`=`l`.`id` WHERE  `l`.`liveId` = 'L02359' [ RunTime:0.018001s ]
[ sql ] [ SQL ] SELECT * FROM `resty_invitation_live_info` `l` INNER JOIN `resty_invitation` `i` ON `i`.`infoId`=`l`.`id` WHERE  `l`.`liveId` = 'L02359' [ RunTime:0.018001s ]
[ sql ] [ SQL ] SELECT * FROM `resty_invitation_live_info` `l` INNER JOIN `resty_invitation` `i` ON `i`.`infoId`=`l`.`id` WHERE  `l`.`liveId` = 'L02359' [ RunTime:0.018001s ]
---------------------------------------------------------------
[ 2017-08-04T15:00:29+08:00 ] 127.0.0.1 127.0.0.1 GET /frontend/excel/excel2
[ info ] www.thinkphp_ffmpeg.com/frontend/excel/excel2 [运行时间：0.982056s][吞吐率：1.02req/s] [内存消耗：8,872.50kb] [文件加载：126]
[ info ] [ LANG ] D:\wamp64\www\thinkphp5-study-line\thinkphp\lang\zh-cn.php
[ info ] [ ROUTE ] array (
  'type' => 'module',
  'module' => 
  array (
    0 => 'frontend',
    1 => 'excel',
    2 => 'excel2',
  ),
)
[ info ] [ HEADER ] array (
  'host' => 'www.thinkphp_ffmpeg.com',
  'user-agent' => 'Mozilla/5.0 (Windows NT 6.1; Win64; x64) AppleWebKit/537.36 (KHTML, like Gecko) Chrome/59.0.3071.115 Safari/537.36',
  'accept' => 'text/html,application/xhtml+xml,application/xml;q=0.9,image/webp,image/apng,*/*;q=0.8',
  'accept-encoding' => 'gzip, deflate',
  'accept-language' => 'zh-CN,zh;q=0.8,en-GB;q=0.6,en;q=0.4',
  'cookie' => 'CNZZDATA1256642902=235755000-1501721003-%7C1501721003',
  'proxy-connection' => 'keep-alive',
  'socketlog' => 'SocketLog(tabid=96&client_id=)',
  'upgrade-insecure-requests' => '1',
)
[ info ] [ PARAM ] array (
)
[ info ] [ RUN ] app\frontend\controller\Excel->excel2[ D:\wamp64\www\thinkphp5-study-line\application\frontend\controller\Excel.php ]
[ info ] [ DB ] INIT mysql
[ info ] [ LOG ] INIT File
[ sql ] [ DB ] CONNECT:[ UseTime:0.011000s ] mysql:dbname=thinkphp5;host=127.0.0.1;charset=utf8
[ sql ] [ SQL ] SHOW COLUMNS FROM `resty_invitation_live_info` [ RunTime:0.001000s ]
[ sql ] [ SQL ] SELECT * FROM `resty_invitation_live_info` `l` INNER JOIN `resty_invitation` `i` ON `i`.`infoId`=`l`.`id` WHERE  `l`.`liveId` = 'L02359' [ RunTime:0.019002s ]
[ sql ] [ SQL ] SELECT * FROM `resty_invitation_live_info` `l` INNER JOIN `resty_invitation` `i` ON `i`.`infoId`=`l`.`id` WHERE  `l`.`liveId` = 'L02359' [ RunTime:0.018001s ]
[ sql ] [ SQL ] SELECT * FROM `resty_invitation_live_info` `l` INNER JOIN `resty_invitation` `i` ON `i`.`infoId`=`l`.`id` WHERE  `l`.`liveId` = 'L02359' [ RunTime:0.019001s ]
[ sql ] [ SQL ] SELECT * FROM `resty_invitation_live_info` `l` INNER JOIN `resty_invitation` `i` ON `i`.`infoId`=`l`.`id` WHERE  `l`.`liveId` = 'L02359' [ RunTime:0.018001s ]
[ sql ] [ SQL ] SELECT * FROM `resty_invitation_live_info` `l` INNER JOIN `resty_invitation` `i` ON `i`.`infoId`=`l`.`id` WHERE  `l`.`liveId` = 'L02359' [ RunTime:0.018001s ]
[ sql ] [ SQL ] SELECT * FROM `resty_invitation_live_info` `l` INNER JOIN `resty_invitation` `i` ON `i`.`infoId`=`l`.`id` WHERE  `l`.`liveId` = 'L02359' [ RunTime:0.018001s ]
---------------------------------------------------------------
[ 2017-08-04T15:06:36+08:00 ] 127.0.0.1 127.0.0.1 GET /frontend/excel/excel2
[ info ] www.thinkphp_ffmpeg.com/frontend/excel/excel2 [运行时间：0.990056s][吞吐率：1.01req/s] [内存消耗：8,873.41kb] [文件加载：126]
[ info ] [ LANG ] D:\wamp64\www\thinkphp5-study-line\thinkphp\lang\zh-cn.php
[ info ] [ ROUTE ] array (
  'type' => 'module',
  'module' => 
  array (
    0 => 'frontend',
    1 => 'excel',
    2 => 'excel2',
  ),
)
[ info ] [ HEADER ] array (
  'host' => 'www.thinkphp_ffmpeg.com',
  'user-agent' => 'Mozilla/5.0 (Windows NT 6.1; Win64; x64) AppleWebKit/537.36 (KHTML, like Gecko) Chrome/59.0.3071.115 Safari/537.36',
  'accept' => 'text/html,application/xhtml+xml,application/xml;q=0.9,image/webp,image/apng,*/*;q=0.8',
  'accept-encoding' => 'gzip, deflate',
  'accept-language' => 'zh-CN,zh;q=0.8,en-GB;q=0.6,en;q=0.4',
  'cookie' => 'CNZZDATA1256642902=235755000-1501721003-%7C1501721003',
  'proxy-connection' => 'keep-alive',
  'socketlog' => 'SocketLog(tabid=96&client_id=)',
  'upgrade-insecure-requests' => '1',
  'x-lantern-version' => '3.7.4',
)
[ info ] [ PARAM ] array (
)
[ info ] [ RUN ] app\frontend\controller\Excel->excel2[ D:\wamp64\www\thinkphp5-study-line\application\frontend\controller\Excel.php ]
[ info ] [ DB ] INIT mysql
[ info ] [ LOG ] INIT File
[ sql ] [ DB ] CONNECT:[ UseTime:0.010001s ] mysql:dbname=thinkphp5;host=127.0.0.1;charset=utf8
[ sql ] [ SQL ] SHOW COLUMNS FROM `resty_invitation_live_info` [ RunTime:0.001000s ]
[ sql ] [ SQL ] SELECT * FROM `resty_invitation_live_info` `l` INNER JOIN `resty_invitation` `i` ON `i`.`infoId`=`l`.`id` WHERE  `l`.`liveId` = 'L02359' [ RunTime:0.019001s ]
[ sql ] [ SQL ] SELECT * FROM `resty_invitation_live_info` `l` INNER JOIN `resty_invitation` `i` ON `i`.`infoId`=`l`.`id` WHERE  `l`.`liveId` = 'L02359' [ RunTime:0.025001s ]
[ sql ] [ SQL ] SELECT * FROM `resty_invitation_live_info` `l` INNER JOIN `resty_invitation` `i` ON `i`.`infoId`=`l`.`id` WHERE  `l`.`liveId` = 'L02359' [ RunTime:0.019001s ]
[ sql ] [ SQL ] SELECT * FROM `resty_invitation_live_info` `l` INNER JOIN `resty_invitation` `i` ON `i`.`infoId`=`l`.`id` WHERE  `l`.`liveId` = 'L02359' [ RunTime:0.018001s ]
[ sql ] [ SQL ] SELECT * FROM `resty_invitation_live_info` `l` INNER JOIN `resty_invitation` `i` ON `i`.`infoId`=`l`.`id` WHERE  `l`.`liveId` = 'L02359' [ RunTime:0.018001s ]
[ sql ] [ SQL ] SELECT * FROM `resty_invitation_live_info` `l` INNER JOIN `resty_invitation` `i` ON `i`.`infoId`=`l`.`id` WHERE  `l`.`liveId` = 'L02359' [ RunTime:0.018001s ]
---------------------------------------------------------------
[ 2017-08-04T15:08:00+08:00 ] 127.0.0.1 127.0.0.1 GET /frontend/excel/excel2
[ info ] www.thinkphp_ffmpeg.com/frontend/excel/excel2 [运行时间：1.505086s][吞吐率：0.66req/s] [内存消耗：8,891.04kb] [文件加载：126]
[ info ] [ LANG ] D:\wamp64\www\thinkphp5-study-line\thinkphp\lang\zh-cn.php
[ info ] [ ROUTE ] array (
  'type' => 'module',
  'module' => 
  array (
    0 => 'frontend',
    1 => 'excel',
    2 => 'excel2',
  ),
)
[ info ] [ HEADER ] array (
  'host' => 'www.thinkphp_ffmpeg.com',
  'user-agent' => 'Mozilla/5.0 (Windows NT 6.1; Win64; x64) AppleWebKit/537.36 (KHTML, like Gecko) Chrome/59.0.3071.115 Safari/537.36',
  'accept' => 'text/html,application/xhtml+xml,application/xml;q=0.9,image/webp,image/apng,*/*;q=0.8',
  'accept-encoding' => 'gzip, deflate',
  'accept-language' => 'zh-CN,zh;q=0.8,en-GB;q=0.6,en;q=0.4',
  'cookie' => 'CNZZDATA1256642902=235755000-1501721003-%7C1501721003',
  'proxy-connection' => 'keep-alive',
  'socketlog' => 'SocketLog(tabid=96&client_id=)',
  'upgrade-insecure-requests' => '1',
)
[ info ] [ PARAM ] array (
)
[ info ] [ RUN ] app\frontend\controller\Excel->excel2[ D:\wamp64\www\thinkphp5-study-line\application\frontend\controller\Excel.php ]
[ info ] [ DB ] INIT mysql
[ info ] [ LOG ] INIT File
[ sql ] [ DB ] CONNECT:[ UseTime:0.001000s ] mysql:dbname=thinkphp5;host=127.0.0.1;charset=utf8
[ sql ] [ SQL ] SHOW COLUMNS FROM `resty_invitation_live_info` [ RunTime:0.001000s ]
[ sql ] [ SQL ] SELECT * FROM `resty_invitation_live_info` `l` INNER JOIN `resty_invitation` `i` ON `i`.`infoId`=`l`.`id` WHERE  `l`.`liveId` = 'L02359' [ RunTime:0.018001s ]
[ sql ] [ SQL ] SELECT * FROM `resty_invitation_live_info` `l` INNER JOIN `resty_invitation` `i` ON `i`.`infoId`=`l`.`id` WHERE  `l`.`liveId` = 'L02359' [ RunTime:0.018002s ]
[ sql ] [ SQL ] SELECT * FROM `resty_invitation_live_info` `l` INNER JOIN `resty_invitation` `i` ON `i`.`infoId`=`l`.`id` WHERE  `l`.`liveId` = 'L02359' [ RunTime:0.018001s ]
[ sql ] [ SQL ] SELECT * FROM `resty_invitation_live_info` `l` INNER JOIN `resty_invitation` `i` ON `i`.`infoId`=`l`.`id` WHERE  `l`.`liveId` = 'L02359' [ RunTime:0.018001s ]
[ sql ] [ SQL ] SELECT * FROM `resty_invitation_live_info` `l` INNER JOIN `resty_invitation` `i` ON `i`.`infoId`=`l`.`id` WHERE  `l`.`liveId` = 'L02359' [ RunTime:0.019001s ]
[ sql ] [ SQL ] SELECT * FROM `resty_invitation_live_info` `l` INNER JOIN `resty_invitation` `i` ON `i`.`infoId`=`l`.`id` WHERE  `l`.`liveId` = 'L02359' [ RunTime:0.018001s ]
---------------------------------------------------------------
[ 2017-08-04T15:08:39+08:00 ] 127.0.0.1 127.0.0.1 GET /frontend/excel/excel2
[ info ] www.thinkphp_ffmpeg.com/frontend/excel/excel2 [运行时间：1.373079s][吞吐率：0.73req/s] [内存消耗：8,879.57kb] [文件加载：126]
[ info ] [ LANG ] D:\wamp64\www\thinkphp5-study-line\thinkphp\lang\zh-cn.php
[ info ] [ ROUTE ] array (
  'type' => 'module',
  'module' => 
  array (
    0 => 'frontend',
    1 => 'excel',
    2 => 'excel2',
  ),
)
[ info ] [ HEADER ] array (
  'host' => 'www.thinkphp_ffmpeg.com',
  'user-agent' => 'Mozilla/5.0 (Windows NT 6.1; Win64; x64) AppleWebKit/537.36 (KHTML, like Gecko) Chrome/59.0.3071.115 Safari/537.36',
  'accept' => 'text/html,application/xhtml+xml,application/xml;q=0.9,image/webp,image/apng,*/*;q=0.8',
  'accept-encoding' => 'gzip, deflate',
  'accept-language' => 'zh-CN,zh;q=0.8,en-GB;q=0.6,en;q=0.4',
  'cookie' => 'CNZZDATA1256642902=235755000-1501721003-%7C1501721003',
  'proxy-connection' => 'keep-alive',
  'socketlog' => 'SocketLog(tabid=96&client_id=)',
  'upgrade-insecure-requests' => '1',
)
[ info ] [ PARAM ] array (
)
[ info ] [ RUN ] app\frontend\controller\Excel->excel2[ D:\wamp64\www\thinkphp5-study-line\application\frontend\controller\Excel.php ]
[ info ] [ DB ] INIT mysql
[ info ] [ LOG ] INIT File
[ sql ] [ DB ] CONNECT:[ UseTime:0.000000s ] mysql:dbname=thinkphp5;host=127.0.0.1;charset=utf8
[ sql ] [ SQL ] SHOW COLUMNS FROM `resty_invitation_live_info` [ RunTime:0.001000s ]
[ sql ] [ SQL ] SELECT * FROM `resty_invitation_live_info` `l` INNER JOIN `resty_invitation` `i` ON `i`.`infoId`=`l`.`id` WHERE  `l`.`liveId` = 'L02359' [ RunTime:0.018001s ]
[ sql ] [ SQL ] SELECT * FROM `resty_invitation_live_info` `l` INNER JOIN `resty_invitation` `i` ON `i`.`infoId`=`l`.`id` WHERE  `l`.`liveId` = 'L02359' [ RunTime:0.018001s ]
[ sql ] [ SQL ] SELECT * FROM `resty_invitation_live_info` `l` INNER JOIN `resty_invitation` `i` ON `i`.`infoId`=`l`.`id` WHERE  `l`.`liveId` = 'L02359' [ RunTime:0.018001s ]
[ sql ] [ SQL ] SELECT * FROM `resty_invitation_live_info` `l` INNER JOIN `resty_invitation` `i` ON `i`.`infoId`=`l`.`id` WHERE  `l`.`liveId` = 'L02359' [ RunTime:0.019001s ]
[ sql ] [ SQL ] SELECT * FROM `resty_invitation_live_info` `l` INNER JOIN `resty_invitation` `i` ON `i`.`infoId`=`l`.`id` WHERE  `l`.`liveId` = 'L02359' [ RunTime:0.018001s ]
[ sql ] [ SQL ] SELECT * FROM `resty_invitation_live_info` `l` INNER JOIN `resty_invitation` `i` ON `i`.`infoId`=`l`.`id` WHERE  `l`.`liveId` = 'L02359' [ RunTime:0.018001s ]
---------------------------------------------------------------
[ 2017-08-04T15:10:05+08:00 ] 127.0.0.1 127.0.0.1 GET /frontend/excel/excel2
[ info ] www.thinkphp_ffmpeg.com/frontend/excel/excel2 [运行时间：1.261072s][吞吐率：0.79req/s] [内存消耗：8,885.82kb] [文件加载：126]
[ info ] [ LANG ] D:\wamp64\www\thinkphp5-study-line\thinkphp\lang\zh-cn.php
[ info ] [ ROUTE ] array (
  'type' => 'module',
  'module' => 
  array (
    0 => 'frontend',
    1 => 'excel',
    2 => 'excel2',
  ),
)
[ info ] [ HEADER ] array (
  'host' => 'www.thinkphp_ffmpeg.com',
  'user-agent' => 'Mozilla/5.0 (Windows NT 6.1; Win64; x64) AppleWebKit/537.36 (KHTML, like Gecko) Chrome/59.0.3071.115 Safari/537.36',
  'accept' => 'text/html,application/xhtml+xml,application/xml;q=0.9,image/webp,image/apng,*/*;q=0.8',
  'accept-encoding' => 'gzip, deflate',
  'accept-language' => 'zh-CN,zh;q=0.8,en-GB;q=0.6,en;q=0.4',
  'cookie' => 'CNZZDATA1256642902=235755000-1501721003-%7C1501721003',
  'proxy-connection' => 'keep-alive',
  'socketlog' => 'SocketLog(tabid=96&client_id=)',
  'upgrade-insecure-requests' => '1',
)
[ info ] [ PARAM ] array (
)
[ info ] [ RUN ] app\frontend\controller\Excel->excel2[ D:\wamp64\www\thinkphp5-study-line\application\frontend\controller\Excel.php ]
[ info ] [ DB ] INIT mysql
[ info ] [ LOG ] INIT File
[ sql ] [ DB ] CONNECT:[ UseTime:0.010000s ] mysql:dbname=thinkphp5;host=127.0.0.1;charset=utf8
[ sql ] [ SQL ] SHOW COLUMNS FROM `resty_invitation_live_info` [ RunTime:0.001000s ]
[ sql ] [ SQL ] SELECT * FROM `resty_invitation_live_info` `l` INNER JOIN `resty_invitation` `i` ON `i`.`infoId`=`l`.`id` WHERE  `l`.`liveId` = 'L02359' [ RunTime:0.018001s ]
[ sql ] [ SQL ] SELECT * FROM `resty_invitation_live_info` `l` INNER JOIN `resty_invitation` `i` ON `i`.`infoId`=`l`.`id` WHERE  `l`.`liveId` = 'L02359' [ RunTime:0.021001s ]
[ sql ] [ SQL ] SELECT * FROM `resty_invitation_live_info` `l` INNER JOIN `resty_invitation` `i` ON `i`.`infoId`=`l`.`id` WHERE  `l`.`liveId` = 'L02359' [ RunTime:0.018001s ]
[ sql ] [ SQL ] SELECT * FROM `resty_invitation_live_info` `l` INNER JOIN `resty_invitation` `i` ON `i`.`infoId`=`l`.`id` WHERE  `l`.`liveId` = 'L02359' [ RunTime:0.018001s ]
[ sql ] [ SQL ] SELECT * FROM `resty_invitation_live_info` `l` INNER JOIN `resty_invitation` `i` ON `i`.`infoId`=`l`.`id` WHERE  `l`.`liveId` = 'L02359' [ RunTime:0.018001s ]
[ sql ] [ SQL ] SELECT * FROM `resty_invitation_live_info` `l` INNER JOIN `resty_invitation` `i` ON `i`.`infoId`=`l`.`id` WHERE  `l`.`liveId` = 'L02359' [ RunTime:0.019001s ]
---------------------------------------------------------------
[ 2017-08-04T15:13:12+08:00 ] 127.0.0.1 127.0.0.1 GET /frontend/excel/excel2
[ info ] www.thinkphp_ffmpeg.com/frontend/excel/excel2 [运行时间：0.105006s][吞吐率：9.52req/s] [内存消耗：6,451.21kb] [文件加载：105]
[ info ] [ LANG ] D:\wamp64\www\thinkphp5-study-line\thinkphp\lang\zh-cn.php
[ info ] [ ROUTE ] array (
  'type' => 'module',
  'module' => 
  array (
    0 => 'frontend',
    1 => 'excel',
    2 => 'excel2',
  ),
)
[ info ] [ HEADER ] array (
  'host' => 'www.thinkphp_ffmpeg.com',
  'user-agent' => 'Mozilla/5.0 (Windows NT 6.1; Win64; x64) AppleWebKit/537.36 (KHTML, like Gecko) Chrome/59.0.3071.115 Safari/537.36',
  'accept' => 'text/html,application/xhtml+xml,application/xml;q=0.9,image/webp,image/apng,*/*;q=0.8',
  'accept-encoding' => 'gzip, deflate',
  'accept-language' => 'zh-CN,zh;q=0.8,en-GB;q=0.6,en;q=0.4',
  'cookie' => 'CNZZDATA1256642902=235755000-1501721003-%7C1501721003',
  'proxy-connection' => 'keep-alive',
  'socketlog' => 'SocketLog(tabid=96&client_id=)',
  'upgrade-insecure-requests' => '1',
)
[ info ] [ PARAM ] array (
)
[ info ] [ RUN ] app\frontend\controller\Excel->excel2[ D:\wamp64\www\thinkphp5-study-line\application\frontend\controller\Excel.php ]
[ info ] [ DB ] INIT mysql
[ info ] [ LOG ] INIT File
[ sql ] [ DB ] CONNECT:[ UseTime:0.010000s ] mysql:dbname=thinkphp5;host=127.0.0.1;charset=utf8
[ sql ] [ SQL ] SHOW COLUMNS FROM `resty_invitation_live_info` [ RunTime:0.001000s ]
[ sql ] [ SQL ] SELECT * FROM `resty_invitation_live_info` `l` INNER JOIN `resty_invitation` `i` ON `i`.`infoId`=`l`.`id` WHERE  `l`.`liveId` = 'L02359' [ RunTime:0.018001s ]
[ error ] [0]致命错误: Call to undefined method PHPExcel_Style_Font::getStartColor()[D:\wamp64\www\thinkphp5-study-line\application\frontend\controller\Excel.php:189]
---------------------------------------------------------------
[ 2017-08-04T15:13:31+08:00 ] 127.0.0.1 127.0.0.1 GET /frontend/excel/excel2
[ info ] www.thinkphp_ffmpeg.com/frontend/excel/excel2 [运行时间：1.595092s][吞吐率：0.63req/s] [内存消耗：8,891.61kb] [文件加载：126]
[ info ] [ LANG ] D:\wamp64\www\thinkphp5-study-line\thinkphp\lang\zh-cn.php
[ info ] [ ROUTE ] array (
  'type' => 'module',
  'module' => 
  array (
    0 => 'frontend',
    1 => 'excel',
    2 => 'excel2',
  ),
)
[ info ] [ HEADER ] array (
  'host' => 'www.thinkphp_ffmpeg.com',
  'user-agent' => 'Mozilla/5.0 (Windows NT 6.1; Win64; x64) AppleWebKit/537.36 (KHTML, like Gecko) Chrome/59.0.3071.115 Safari/537.36',
  'accept' => 'text/html,application/xhtml+xml,application/xml;q=0.9,image/webp,image/apng,*/*;q=0.8',
  'accept-encoding' => 'gzip, deflate',
  'accept-language' => 'zh-CN,zh;q=0.8,en-GB;q=0.6,en;q=0.4',
  'cache-control' => 'max-age=0',
  'cookie' => 'CNZZDATA1256642902=235755000-1501721003-%7C1501721003',
  'proxy-connection' => 'keep-alive',
  'socketlog' => 'SocketLog(tabid=96&client_id=)',
  'upgrade-insecure-requests' => '1',
  'x-lantern-version' => '3.7.4',
)
[ info ] [ PARAM ] array (
)
[ info ] [ RUN ] app\frontend\controller\Excel->excel2[ D:\wamp64\www\thinkphp5-study-line\application\frontend\controller\Excel.php ]
[ info ] [ DB ] INIT mysql
[ info ] [ LOG ] INIT File
[ sql ] [ DB ] CONNECT:[ UseTime:0.010001s ] mysql:dbname=thinkphp5;host=127.0.0.1;charset=utf8
[ sql ] [ SQL ] SHOW COLUMNS FROM `resty_invitation_live_info` [ RunTime:0.000000s ]
[ sql ] [ SQL ] SELECT * FROM `resty_invitation_live_info` `l` INNER JOIN `resty_invitation` `i` ON `i`.`infoId`=`l`.`id` WHERE  `l`.`liveId` = 'L02359' [ RunTime:0.025002s ]
[ sql ] [ SQL ] SELECT * FROM `resty_invitation_live_info` `l` INNER JOIN `resty_invitation` `i` ON `i`.`infoId`=`l`.`id` WHERE  `l`.`liveId` = 'L02359' [ RunTime:0.018001s ]
[ sql ] [ SQL ] SELECT * FROM `resty_invitation_live_info` `l` INNER JOIN `resty_invitation` `i` ON `i`.`infoId`=`l`.`id` WHERE  `l`.`liveId` = 'L02359' [ RunTime:0.018001s ]
[ sql ] [ SQL ] SELECT * FROM `resty_invitation_live_info` `l` INNER JOIN `resty_invitation` `i` ON `i`.`infoId`=`l`.`id` WHERE  `l`.`liveId` = 'L02359' [ RunTime:0.018001s ]
[ sql ] [ SQL ] SELECT * FROM `resty_invitation_live_info` `l` INNER JOIN `resty_invitation` `i` ON `i`.`infoId`=`l`.`id` WHERE  `l`.`liveId` = 'L02359' [ RunTime:0.020001s ]
[ sql ] [ SQL ] SELECT * FROM `resty_invitation_live_info` `l` INNER JOIN `resty_invitation` `i` ON `i`.`infoId`=`l`.`id` WHERE  `l`.`liveId` = 'L02359' [ RunTime:0.018001s ]
---------------------------------------------------------------
[ 2017-08-04T15:17:00+08:00 ] 127.0.0.1 127.0.0.1 GET /frontend/excel/excel2
[ info ] www.thinkphp_ffmpeg.com/frontend/excel/excel2 [运行时间：1.912109s][吞吐率：0.52req/s] [内存消耗：8,891.54kb] [文件加载：126]
[ info ] [ LANG ] D:\wamp64\www\thinkphp5-study-line\thinkphp\lang\zh-cn.php
[ info ] [ ROUTE ] array (
  'type' => 'module',
  'module' => 
  array (
    0 => 'frontend',
    1 => 'excel',
    2 => 'excel2',
  ),
)
[ info ] [ HEADER ] array (
  'host' => 'www.thinkphp_ffmpeg.com',
  'user-agent' => 'Mozilla/5.0 (Windows NT 6.1; Win64; x64) AppleWebKit/537.36 (KHTML, like Gecko) Chrome/59.0.3071.115 Safari/537.36',
  'accept' => 'text/html,application/xhtml+xml,application/xml;q=0.9,image/webp,image/apng,*/*;q=0.8',
  'accept-encoding' => 'gzip, deflate',
  'accept-language' => 'zh-CN,zh;q=0.8,en-GB;q=0.6,en;q=0.4',
  'cookie' => 'CNZZDATA1256642902=235755000-1501721003-%7C1501721003',
  'proxy-connection' => 'keep-alive',
  'socketlog' => 'SocketLog(tabid=100&client_id=)',
  'upgrade-insecure-requests' => '1',
)
[ info ] [ PARAM ] array (
)
[ info ] [ RUN ] app\frontend\controller\Excel->excel2[ D:\wamp64\www\thinkphp5-study-line\application\frontend\controller\Excel.php ]
[ info ] [ DB ] INIT mysql
[ info ] [ LOG ] INIT File
[ sql ] [ DB ] CONNECT:[ UseTime:0.001000s ] mysql:dbname=thinkphp5;host=127.0.0.1;charset=utf8
[ sql ] [ SQL ] SHOW COLUMNS FROM `resty_invitation_live_info` [ RunTime:0.001000s ]
[ sql ] [ SQL ] SELECT * FROM `resty_invitation_live_info` `l` INNER JOIN `resty_invitation` `i` ON `i`.`infoId`=`l`.`id` WHERE  `l`.`liveId` = 'L02359' [ RunTime:0.018001s ]
[ sql ] [ SQL ] SELECT * FROM `resty_invitation_live_info` `l` INNER JOIN `resty_invitation` `i` ON `i`.`infoId`=`l`.`id` WHERE  `l`.`liveId` = 'L02359' [ RunTime:0.017001s ]
[ sql ] [ SQL ] SELECT * FROM `resty_invitation_live_info` `l` INNER JOIN `resty_invitation` `i` ON `i`.`infoId`=`l`.`id` WHERE  `l`.`liveId` = 'L02359' [ RunTime:0.017001s ]
[ sql ] [ SQL ] SELECT * FROM `resty_invitation_live_info` `l` INNER JOIN `resty_invitation` `i` ON `i`.`infoId`=`l`.`id` WHERE  `l`.`liveId` = 'L02359' [ RunTime:0.018001s ]
[ sql ] [ SQL ] SELECT * FROM `resty_invitation_live_info` `l` INNER JOIN `resty_invitation` `i` ON `i`.`infoId`=`l`.`id` WHERE  `l`.`liveId` = 'L02359' [ RunTime:0.019001s ]
[ sql ] [ SQL ] SELECT * FROM `resty_invitation_live_info` `l` INNER JOIN `resty_invitation` `i` ON `i`.`infoId`=`l`.`id` WHERE  `l`.`liveId` = 'L02359' [ RunTime:0.017001s ]
---------------------------------------------------------------
[ 2017-08-04T15:18:01+08:00 ] 127.0.0.1 127.0.0.1 GET /frontend/excel/excel2
[ info ] www.thinkphp_ffmpeg.com/frontend/excel/excel2 [运行时间：1.624093s][吞吐率：0.62req/s] [内存消耗：8,887.03kb] [文件加载：126]
[ info ] [ LANG ] D:\wamp64\www\thinkphp5-study-line\thinkphp\lang\zh-cn.php
[ info ] [ ROUTE ] array (
  'type' => 'module',
  'module' => 
  array (
    0 => 'frontend',
    1 => 'excel',
    2 => 'excel2',
  ),
)
[ info ] [ HEADER ] array (
  'host' => 'www.thinkphp_ffmpeg.com',
  'user-agent' => 'Mozilla/5.0 (Windows NT 6.1; Win64; x64) AppleWebKit/537.36 (KHTML, like Gecko) Chrome/59.0.3071.115 Safari/537.36',
  'accept' => 'text/html,application/xhtml+xml,application/xml;q=0.9,image/webp,image/apng,*/*;q=0.8',
  'accept-encoding' => 'gzip, deflate',
  'accept-language' => 'zh-CN,zh;q=0.8,en-GB;q=0.6,en;q=0.4',
  'cookie' => 'CNZZDATA1256642902=235755000-1501721003-%7C1501721003',
  'proxy-connection' => 'keep-alive',
  'socketlog' => 'SocketLog(tabid=100&client_id=)',
  'upgrade-insecure-requests' => '1',
)
[ info ] [ PARAM ] array (
)
[ info ] [ RUN ] app\frontend\controller\Excel->excel2[ D:\wamp64\www\thinkphp5-study-line\application\frontend\controller\Excel.php ]
[ info ] [ DB ] INIT mysql
[ info ] [ LOG ] INIT File
[ sql ] [ DB ] CONNECT:[ UseTime:0.000000s ] mysql:dbname=thinkphp5;host=127.0.0.1;charset=utf8
[ sql ] [ SQL ] SHOW COLUMNS FROM `resty_invitation_live_info` [ RunTime:0.001000s ]
[ sql ] [ SQL ] SELECT * FROM `resty_invitation_live_info` `l` INNER JOIN `resty_invitation` `i` ON `i`.`infoId`=`l`.`id` WHERE  `l`.`liveId` = 'L02359' [ RunTime:0.018001s ]
[ sql ] [ SQL ] SELECT * FROM `resty_invitation_live_info` `l` INNER JOIN `resty_invitation` `i` ON `i`.`infoId`=`l`.`id` WHERE  `l`.`liveId` = 'L02359' [ RunTime:0.018001s ]
[ sql ] [ SQL ] SELECT * FROM `resty_invitation_live_info` `l` INNER JOIN `resty_invitation` `i` ON `i`.`infoId`=`l`.`id` WHERE  `l`.`liveId` = 'L02359' [ RunTime:0.019001s ]
[ sql ] [ SQL ] SELECT * FROM `resty_invitation_live_info` `l` INNER JOIN `resty_invitation` `i` ON `i`.`infoId`=`l`.`id` WHERE  `l`.`liveId` = 'L02359' [ RunTime:0.017001s ]
[ sql ] [ SQL ] SELECT * FROM `resty_invitation_live_info` `l` INNER JOIN `resty_invitation` `i` ON `i`.`infoId`=`l`.`id` WHERE  `l`.`liveId` = 'L02359' [ RunTime:0.018001s ]
[ sql ] [ SQL ] SELECT * FROM `resty_invitation_live_info` `l` INNER JOIN `resty_invitation` `i` ON `i`.`infoId`=`l`.`id` WHERE  `l`.`liveId` = 'L02359' [ RunTime:0.018001s ]
---------------------------------------------------------------
[ 2017-08-04T15:18:54+08:00 ] 127.0.0.1 127.0.0.1 GET /frontend/excel/excel2
[ info ] www.thinkphp_ffmpeg.com/frontend/excel/excel2 [运行时间：1.551089s][吞吐率：0.64req/s] [内存消耗：8,887.23kb] [文件加载：126]
[ info ] [ LANG ] D:\wamp64\www\thinkphp5-study-line\thinkphp\lang\zh-cn.php
[ info ] [ ROUTE ] array (
  'type' => 'module',
  'module' => 
  array (
    0 => 'frontend',
    1 => 'excel',
    2 => 'excel2',
  ),
)
[ info ] [ HEADER ] array (
  'host' => 'www.thinkphp_ffmpeg.com',
  'user-agent' => 'Mozilla/5.0 (Windows NT 6.1; Win64; x64) AppleWebKit/537.36 (KHTML, like Gecko) Chrome/59.0.3071.115 Safari/537.36',
  'accept' => 'text/html,application/xhtml+xml,application/xml;q=0.9,image/webp,image/apng,*/*;q=0.8',
  'accept-encoding' => 'gzip, deflate',
  'accept-language' => 'zh-CN,zh;q=0.8,en-GB;q=0.6,en;q=0.4',
  'cookie' => 'CNZZDATA1256642902=235755000-1501721003-%7C1501721003',
  'proxy-connection' => 'keep-alive',
  'socketlog' => 'SocketLog(tabid=104&client_id=)',
  'upgrade-insecure-requests' => '1',
  'x-lantern-version' => '3.7.4',
)
[ info ] [ PARAM ] array (
)
[ info ] [ RUN ] app\frontend\controller\Excel->excel2[ D:\wamp64\www\thinkphp5-study-line\application\frontend\controller\Excel.php ]
[ info ] [ DB ] INIT mysql
[ info ] [ LOG ] INIT File
[ sql ] [ DB ] CONNECT:[ UseTime:0.001000s ] mysql:dbname=thinkphp5;host=127.0.0.1;charset=utf8
[ sql ] [ SQL ] SHOW COLUMNS FROM `resty_invitation_live_info` [ RunTime:0.000000s ]
[ sql ] [ SQL ] SELECT * FROM `resty_invitation_live_info` `l` INNER JOIN `resty_invitation` `i` ON `i`.`infoId`=`l`.`id` WHERE  `l`.`liveId` = 'L02359' [ RunTime:0.019001s ]
[ sql ] [ SQL ] SELECT * FROM `resty_invitation_live_info` `l` INNER JOIN `resty_invitation` `i` ON `i`.`infoId`=`l`.`id` WHERE  `l`.`liveId` = 'L02359' [ RunTime:0.018001s ]
[ sql ] [ SQL ] SELECT * FROM `resty_invitation_live_info` `l` INNER JOIN `resty_invitation` `i` ON `i`.`infoId`=`l`.`id` WHERE  `l`.`liveId` = 'L02359' [ RunTime:0.018001s ]
[ sql ] [ SQL ] SELECT * FROM `resty_invitation_live_info` `l` INNER JOIN `resty_invitation` `i` ON `i`.`infoId`=`l`.`id` WHERE  `l`.`liveId` = 'L02359' [ RunTime:0.019001s ]
[ sql ] [ SQL ] SELECT * FROM `resty_invitation_live_info` `l` INNER JOIN `resty_invitation` `i` ON `i`.`infoId`=`l`.`id` WHERE  `l`.`liveId` = 'L02359' [ RunTime:0.018001s ]
[ sql ] [ SQL ] SELECT * FROM `resty_invitation_live_info` `l` INNER JOIN `resty_invitation` `i` ON `i`.`infoId`=`l`.`id` WHERE  `l`.`liveId` = 'L02359' [ RunTime:0.017001s ]
---------------------------------------------------------------
[ 2017-08-04T15:19:49+08:00 ] 127.0.0.1 127.0.0.1 GET /frontend/excel/excel2
[ info ] www.thinkphp_ffmpeg.com/frontend/excel/excel2 [运行时间：1.538087s][吞吐率：0.65req/s] [内存消耗：8,887.23kb] [文件加载：126]
[ info ] [ LANG ] D:\wamp64\www\thinkphp5-study-line\thinkphp\lang\zh-cn.php
[ info ] [ ROUTE ] array (
  'type' => 'module',
  'module' => 
  array (
    0 => 'frontend',
    1 => 'excel',
    2 => 'excel2',
  ),
)
[ info ] [ HEADER ] array (
  'host' => 'www.thinkphp_ffmpeg.com',
  'user-agent' => 'Mozilla/5.0 (Windows NT 6.1; Win64; x64) AppleWebKit/537.36 (KHTML, like Gecko) Chrome/59.0.3071.115 Safari/537.36',
  'accept' => 'text/html,application/xhtml+xml,application/xml;q=0.9,image/webp,image/apng,*/*;q=0.8',
  'accept-encoding' => 'gzip, deflate',
  'accept-language' => 'zh-CN,zh;q=0.8,en-GB;q=0.6,en;q=0.4',
  'cookie' => 'CNZZDATA1256642902=235755000-1501721003-%7C1501721003',
  'proxy-connection' => 'keep-alive',
  'socketlog' => 'SocketLog(tabid=104&client_id=)',
  'upgrade-insecure-requests' => '1',
  'x-lantern-version' => '3.7.4',
)
[ info ] [ PARAM ] array (
)
[ info ] [ RUN ] app\frontend\controller\Excel->excel2[ D:\wamp64\www\thinkphp5-study-line\application\frontend\controller\Excel.php ]
[ info ] [ DB ] INIT mysql
[ info ] [ LOG ] INIT File
[ sql ] [ DB ] CONNECT:[ UseTime:0.001001s ] mysql:dbname=thinkphp5;host=127.0.0.1;charset=utf8
[ sql ] [ SQL ] SHOW COLUMNS FROM `resty_invitation_live_info` [ RunTime:0.001000s ]
[ sql ] [ SQL ] SELECT * FROM `resty_invitation_live_info` `l` INNER JOIN `resty_invitation` `i` ON `i`.`infoId`=`l`.`id` WHERE  `l`.`liveId` = 'L02359' [ RunTime:0.018001s ]
[ sql ] [ SQL ] SELECT * FROM `resty_invitation_live_info` `l` INNER JOIN `resty_invitation` `i` ON `i`.`infoId`=`l`.`id` WHERE  `l`.`liveId` = 'L02359' [ RunTime:0.018001s ]
[ sql ] [ SQL ] SELECT * FROM `resty_invitation_live_info` `l` INNER JOIN `resty_invitation` `i` ON `i`.`infoId`=`l`.`id` WHERE  `l`.`liveId` = 'L02359' [ RunTime:0.018001s ]
[ sql ] [ SQL ] SELECT * FROM `resty_invitation_live_info` `l` INNER JOIN `resty_invitation` `i` ON `i`.`infoId`=`l`.`id` WHERE  `l`.`liveId` = 'L02359' [ RunTime:0.018001s ]
[ sql ] [ SQL ] SELECT * FROM `resty_invitation_live_info` `l` INNER JOIN `resty_invitation` `i` ON `i`.`infoId`=`l`.`id` WHERE  `l`.`liveId` = 'L02359' [ RunTime:0.018001s ]
[ sql ] [ SQL ] SELECT * FROM `resty_invitation_live_info` `l` INNER JOIN `resty_invitation` `i` ON `i`.`infoId`=`l`.`id` WHERE  `l`.`liveId` = 'L02359' [ RunTime:0.020001s ]
---------------------------------------------------------------
[ 2017-08-04T15:20:57+08:00 ] 127.0.0.1 127.0.0.1 GET /frontend/excel/excel2
[ info ] www.thinkphp_ffmpeg.com/frontend/excel/excel2 [运行时间：1.608092s][吞吐率：0.62req/s] [内存消耗：8,887.23kb] [文件加载：126]
[ info ] [ LANG ] D:\wamp64\www\thinkphp5-study-line\thinkphp\lang\zh-cn.php
[ info ] [ ROUTE ] array (
  'type' => 'module',
  'module' => 
  array (
    0 => 'frontend',
    1 => 'excel',
    2 => 'excel2',
  ),
)
[ info ] [ HEADER ] array (
  'host' => 'www.thinkphp_ffmpeg.com',
  'user-agent' => 'Mozilla/5.0 (Windows NT 6.1; Win64; x64) AppleWebKit/537.36 (KHTML, like Gecko) Chrome/59.0.3071.115 Safari/537.36',
  'accept' => 'text/html,application/xhtml+xml,application/xml;q=0.9,image/webp,image/apng,*/*;q=0.8',
  'accept-encoding' => 'gzip, deflate',
  'accept-language' => 'zh-CN,zh;q=0.8,en-GB;q=0.6,en;q=0.4',
  'cookie' => 'CNZZDATA1256642902=235755000-1501721003-%7C1501721003',
  'proxy-connection' => 'keep-alive',
  'socketlog' => 'SocketLog(tabid=104&client_id=)',
  'upgrade-insecure-requests' => '1',
  'x-lantern-version' => '3.7.4',
)
[ info ] [ PARAM ] array (
)
[ info ] [ RUN ] app\frontend\controller\Excel->excel2[ D:\wamp64\www\thinkphp5-study-line\application\frontend\controller\Excel.php ]
[ info ] [ DB ] INIT mysql
[ info ] [ LOG ] INIT File
[ sql ] [ DB ] CONNECT:[ UseTime:0.001000s ] mysql:dbname=thinkphp5;host=127.0.0.1;charset=utf8
[ sql ] [ SQL ] SHOW COLUMNS FROM `resty_invitation_live_info` [ RunTime:0.001000s ]
[ sql ] [ SQL ] SELECT * FROM `resty_invitation_live_info` `l` INNER JOIN `resty_invitation` `i` ON `i`.`infoId`=`l`.`id` WHERE  `l`.`liveId` = 'L02359' [ RunTime:0.019001s ]
[ sql ] [ SQL ] SELECT * FROM `resty_invitation_live_info` `l` INNER JOIN `resty_invitation` `i` ON `i`.`infoId`=`l`.`id` WHERE  `l`.`liveId` = 'L02359' [ RunTime:0.018001s ]
[ sql ] [ SQL ] SELECT * FROM `resty_invitation_live_info` `l` INNER JOIN `resty_invitation` `i` ON `i`.`infoId`=`l`.`id` WHERE  `l`.`liveId` = 'L02359' [ RunTime:0.020001s ]
[ sql ] [ SQL ] SELECT * FROM `resty_invitation_live_info` `l` INNER JOIN `resty_invitation` `i` ON `i`.`infoId`=`l`.`id` WHERE  `l`.`liveId` = 'L02359' [ RunTime:0.018001s ]
[ sql ] [ SQL ] SELECT * FROM `resty_invitation_live_info` `l` INNER JOIN `resty_invitation` `i` ON `i`.`infoId`=`l`.`id` WHERE  `l`.`liveId` = 'L02359' [ RunTime:0.019001s ]
[ sql ] [ SQL ] SELECT * FROM `resty_invitation_live_info` `l` INNER JOIN `resty_invitation` `i` ON `i`.`infoId`=`l`.`id` WHERE  `l`.`liveId` = 'L02359' [ RunTime:0.019001s ]
---------------------------------------------------------------
[ 2017-08-04T15:22:40+08:00 ] 127.0.0.1 127.0.0.1 GET /frontend/excel/excel2
[ info ] www.thinkphp_ffmpeg.com/frontend/excel/excel2 [运行时间：1.142065s][吞吐率：0.88req/s] [内存消耗：8,874.18kb] [文件加载：126]
[ info ] [ LANG ] D:\wamp64\www\thinkphp5-study-line\thinkphp\lang\zh-cn.php
[ info ] [ ROUTE ] array (
  'type' => 'module',
  'module' => 
  array (
    0 => 'frontend',
    1 => 'excel',
    2 => 'excel2',
  ),
)
[ info ] [ HEADER ] array (
  'host' => 'www.thinkphp_ffmpeg.com',
  'user-agent' => 'Mozilla/5.0 (Windows NT 6.1; Win64; x64) AppleWebKit/537.36 (KHTML, like Gecko) Chrome/59.0.3071.115 Safari/537.36',
  'accept' => 'text/html,application/xhtml+xml,application/xml;q=0.9,image/webp,image/apng,*/*;q=0.8',
  'accept-encoding' => 'gzip, deflate',
  'accept-language' => 'zh-CN,zh;q=0.8,en-GB;q=0.6,en;q=0.4',
  'cookie' => 'CNZZDATA1256642902=235755000-1501721003-%7C1501721003',
  'proxy-connection' => 'keep-alive',
  'socketlog' => 'SocketLog(tabid=108&client_id=)',
  'upgrade-insecure-requests' => '1',
  'x-lantern-version' => '3.7.4',
)
[ info ] [ PARAM ] array (
)
[ info ] [ RUN ] app\frontend\controller\Excel->excel2[ D:\wamp64\www\thinkphp5-study-line\application\frontend\controller\Excel.php ]
[ info ] [ DB ] INIT mysql
[ info ] [ LOG ] INIT File
[ sql ] [ DB ] CONNECT:[ UseTime:0.001000s ] mysql:dbname=thinkphp5;host=127.0.0.1;charset=utf8
[ sql ] [ SQL ] SHOW COLUMNS FROM `resty_invitation_live_info` [ RunTime:0.001000s ]
[ sql ] [ SQL ] SELECT * FROM `resty_invitation_live_info` `l` INNER JOIN `resty_invitation` `i` ON `i`.`infoId`=`l`.`id` WHERE  `l`.`liveId` = 'L02359' [ RunTime:0.018001s ]
[ sql ] [ SQL ] SELECT * FROM `resty_invitation_live_info` `l` INNER JOIN `resty_invitation` `i` ON `i`.`infoId`=`l`.`id` WHERE  `l`.`liveId` = 'L02359' [ RunTime:0.019001s ]
[ sql ] [ SQL ] SELECT * FROM `resty_invitation_live_info` `l` INNER JOIN `resty_invitation` `i` ON `i`.`infoId`=`l`.`id` WHERE  `l`.`liveId` = 'L02359' [ RunTime:0.018001s ]
[ sql ] [ SQL ] SELECT * FROM `resty_invitation_live_info` `l` INNER JOIN `resty_invitation` `i` ON `i`.`infoId`=`l`.`id` WHERE  `l`.`liveId` = 'L02359' [ RunTime:0.018001s ]
[ sql ] [ SQL ] SELECT * FROM `resty_invitation_live_info` `l` INNER JOIN `resty_invitation` `i` ON `i`.`infoId`=`l`.`id` WHERE  `l`.`liveId` = 'L02359' [ RunTime:0.018001s ]
[ sql ] [ SQL ] SELECT * FROM `resty_invitation_live_info` `l` INNER JOIN `resty_invitation` `i` ON `i`.`infoId`=`l`.`id` WHERE  `l`.`liveId` = 'L02359' [ RunTime:0.022001s ]
---------------------------------------------------------------
[ 2017-08-04T15:23:06+08:00 ] 127.0.0.1 127.0.0.1 GET /frontend/excel/excel2
[ info ] www.thinkphp_ffmpeg.com/frontend/excel/excel2 [运行时间：0.843048s][吞吐率：1.19req/s] [内存消耗：8,874.12kb] [文件加载：126]
[ info ] [ LANG ] D:\wamp64\www\thinkphp5-study-line\thinkphp\lang\zh-cn.php
[ info ] [ ROUTE ] array (
  'type' => 'module',
  'module' => 
  array (
    0 => 'frontend',
    1 => 'excel',
    2 => 'excel2',
  ),
)
[ info ] [ HEADER ] array (
  'host' => 'www.thinkphp_ffmpeg.com',
  'user-agent' => 'Mozilla/5.0 (Windows NT 6.1; Win64; x64) AppleWebKit/537.36 (KHTML, like Gecko) Chrome/59.0.3071.115 Safari/537.36',
  'accept' => 'text/html,application/xhtml+xml,application/xml;q=0.9,image/webp,image/apng,*/*;q=0.8',
  'accept-encoding' => 'gzip, deflate',
  'accept-language' => 'zh-CN,zh;q=0.8,en-GB;q=0.6,en;q=0.4',
  'cookie' => 'CNZZDATA1256642902=235755000-1501721003-%7C1501721003',
  'proxy-connection' => 'keep-alive',
  'socketlog' => 'SocketLog(tabid=108&client_id=)',
  'upgrade-insecure-requests' => '1',
  'x-lantern-version' => '3.7.4',
)
[ info ] [ PARAM ] array (
)
[ info ] [ RUN ] app\frontend\controller\Excel->excel2[ D:\wamp64\www\thinkphp5-study-line\application\frontend\controller\Excel.php ]
[ info ] [ DB ] INIT mysql
[ info ] [ LOG ] INIT File
[ sql ] [ DB ] CONNECT:[ UseTime:0.001000s ] mysql:dbname=thinkphp5;host=127.0.0.1;charset=utf8
[ sql ] [ SQL ] SHOW COLUMNS FROM `resty_invitation_live_info` [ RunTime:0.001000s ]
[ sql ] [ SQL ] SELECT * FROM `resty_invitation_live_info` `l` INNER JOIN `resty_invitation` `i` ON `i`.`infoId`=`l`.`id` WHERE  `l`.`liveId` = 'L02359' [ RunTime:0.018001s ]
[ sql ] [ SQL ] SELECT * FROM `resty_invitation_live_info` `l` INNER JOIN `resty_invitation` `i` ON `i`.`infoId`=`l`.`id` WHERE  `l`.`liveId` = 'L02359' [ RunTime:0.018001s ]
[ sql ] [ SQL ] SELECT * FROM `resty_invitation_live_info` `l` INNER JOIN `resty_invitation` `i` ON `i`.`infoId`=`l`.`id` WHERE  `l`.`liveId` = 'L02359' [ RunTime:0.018001s ]
[ sql ] [ SQL ] SELECT * FROM `resty_invitation_live_info` `l` INNER JOIN `resty_invitation` `i` ON `i`.`infoId`=`l`.`id` WHERE  `l`.`liveId` = 'L02359' [ RunTime:0.019001s ]
[ sql ] [ SQL ] SELECT * FROM `resty_invitation_live_info` `l` INNER JOIN `resty_invitation` `i` ON `i`.`infoId`=`l`.`id` WHERE  `l`.`liveId` = 'L02359' [ RunTime:0.018001s ]
[ sql ] [ SQL ] SELECT * FROM `resty_invitation_live_info` `l` INNER JOIN `resty_invitation` `i` ON `i`.`infoId`=`l`.`id` WHERE  `l`.`liveId` = 'L02359' [ RunTime:0.018001s ]
---------------------------------------------------------------
[ 2017-08-04T15:28:25+08:00 ] 127.0.0.1 127.0.0.1 GET /frontend/excel/excel2
[ info ] www.thinkphp_ffmpeg.com/frontend/excel/excel2 [运行时间：1.551089s][吞吐率：0.64req/s] [内存消耗：8,874.34kb] [文件加载：126]
[ info ] [ LANG ] D:\wamp64\www\thinkphp5-study-line\thinkphp\lang\zh-cn.php
[ info ] [ ROUTE ] array (
  'type' => 'module',
  'module' => 
  array (
    0 => 'frontend',
    1 => 'excel',
    2 => 'excel2',
  ),
)
[ info ] [ HEADER ] array (
  'host' => 'www.thinkphp_ffmpeg.com',
  'user-agent' => 'Mozilla/5.0 (Windows NT 6.1; Win64; x64) AppleWebKit/537.36 (KHTML, like Gecko) Chrome/59.0.3071.115 Safari/537.36',
  'accept' => 'text/html,application/xhtml+xml,application/xml;q=0.9,image/webp,image/apng,*/*;q=0.8',
  'accept-encoding' => 'gzip, deflate',
  'accept-language' => 'zh-CN,zh;q=0.8,en-GB;q=0.6,en;q=0.4',
  'cookie' => 'CNZZDATA1256642902=235755000-1501721003-%7C1501721003',
  'proxy-connection' => 'keep-alive',
  'socketlog' => 'SocketLog(tabid=108&client_id=)',
  'upgrade-insecure-requests' => '1',
  'x-lantern-version' => '3.7.4',
)
[ info ] [ PARAM ] array (
)
[ info ] [ RUN ] app\frontend\controller\Excel->excel2[ D:\wamp64\www\thinkphp5-study-line\application\frontend\controller\Excel.php ]
[ info ] [ DB ] INIT mysql
[ info ] [ LOG ] INIT File
[ sql ] [ DB ] CONNECT:[ UseTime:0.001000s ] mysql:dbname=thinkphp5;host=127.0.0.1;charset=utf8
[ sql ] [ SQL ] SHOW COLUMNS FROM `resty_invitation_live_info` [ RunTime:0.001000s ]
[ sql ] [ SQL ] SELECT * FROM `resty_invitation_live_info` `l` INNER JOIN `resty_invitation` `i` ON `i`.`infoId`=`l`.`id` WHERE  `l`.`liveId` = 'L02359' [ RunTime:0.019001s ]
[ sql ] [ SQL ] SELECT * FROM `resty_invitation_live_info` `l` INNER JOIN `resty_invitation` `i` ON `i`.`infoId`=`l`.`id` WHERE  `l`.`liveId` = 'L02359' [ RunTime:0.019001s ]
[ sql ] [ SQL ] SELECT * FROM `resty_invitation_live_info` `l` INNER JOIN `resty_invitation` `i` ON `i`.`infoId`=`l`.`id` WHERE  `l`.`liveId` = 'L02359' [ RunTime:0.019001s ]
[ sql ] [ SQL ] SELECT * FROM `resty_invitation_live_info` `l` INNER JOIN `resty_invitation` `i` ON `i`.`infoId`=`l`.`id` WHERE  `l`.`liveId` = 'L02359' [ RunTime:0.021001s ]
[ sql ] [ SQL ] SELECT * FROM `resty_invitation_live_info` `l` INNER JOIN `resty_invitation` `i` ON `i`.`infoId`=`l`.`id` WHERE  `l`.`liveId` = 'L02359' [ RunTime:0.018001s ]
[ sql ] [ SQL ] SELECT * FROM `resty_invitation_live_info` `l` INNER JOIN `resty_invitation` `i` ON `i`.`infoId`=`l`.`id` WHERE  `l`.`liveId` = 'L02359' [ RunTime:0.018001s ]
---------------------------------------------------------------
[ 2017-08-04T15:31:02+08:00 ] 127.0.0.1 127.0.0.1 GET /frontend/excel/excel2
[ info ] www.thinkphp_ffmpeg.com/frontend/excel/excel2 [运行时间：1.192068s][吞吐率：0.84req/s] [内存消耗：8,874.34kb] [文件加载：126]
[ info ] [ LANG ] D:\wamp64\www\thinkphp5-study-line\thinkphp\lang\zh-cn.php
[ info ] [ ROUTE ] array (
  'type' => 'module',
  'module' => 
  array (
    0 => 'frontend',
    1 => 'excel',
    2 => 'excel2',
  ),
)
[ info ] [ HEADER ] array (
  'host' => 'www.thinkphp_ffmpeg.com',
  'user-agent' => 'Mozilla/5.0 (Windows NT 6.1; Win64; x64) AppleWebKit/537.36 (KHTML, like Gecko) Chrome/59.0.3071.115 Safari/537.36',
  'accept' => 'text/html,application/xhtml+xml,application/xml;q=0.9,image/webp,image/apng,*/*;q=0.8',
  'accept-encoding' => 'gzip, deflate',
  'accept-language' => 'zh-CN,zh;q=0.8,en-GB;q=0.6,en;q=0.4',
  'cookie' => 'CNZZDATA1256642902=235755000-1501721003-%7C1501721003',
  'proxy-connection' => 'keep-alive',
  'socketlog' => 'SocketLog(tabid=108&client_id=)',
  'upgrade-insecure-requests' => '1',
  'x-lantern-version' => '3.7.4',
)
[ info ] [ PARAM ] array (
)
[ info ] [ RUN ] app\frontend\controller\Excel->excel2[ D:\wamp64\www\thinkphp5-study-line\application\frontend\controller\Excel.php ]
[ info ] [ DB ] INIT mysql
[ info ] [ LOG ] INIT File
[ sql ] [ DB ] CONNECT:[ UseTime:0.010001s ] mysql:dbname=thinkphp5;host=127.0.0.1;charset=utf8
[ sql ] [ SQL ] SHOW COLUMNS FROM `resty_invitation_live_info` [ RunTime:0.001000s ]
[ sql ] [ SQL ] SELECT * FROM `resty_invitation_live_info` `l` INNER JOIN `resty_invitation` `i` ON `i`.`infoId`=`l`.`id` WHERE  `l`.`liveId` = 'L02359' [ RunTime:0.019001s ]
[ sql ] [ SQL ] SELECT * FROM `resty_invitation_live_info` `l` INNER JOIN `resty_invitation` `i` ON `i`.`infoId`=`l`.`id` WHERE  `l`.`liveId` = 'L02359' [ RunTime:0.018001s ]
[ sql ] [ SQL ] SELECT * FROM `resty_invitation_live_info` `l` INNER JOIN `resty_invitation` `i` ON `i`.`infoId`=`l`.`id` WHERE  `l`.`liveId` = 'L02359' [ RunTime:0.021001s ]
[ sql ] [ SQL ] SELECT * FROM `resty_invitation_live_info` `l` INNER JOIN `resty_invitation` `i` ON `i`.`infoId`=`l`.`id` WHERE  `l`.`liveId` = 'L02359' [ RunTime:0.018001s ]
[ sql ] [ SQL ] SELECT * FROM `resty_invitation_live_info` `l` INNER JOIN `resty_invitation` `i` ON `i`.`infoId`=`l`.`id` WHERE  `l`.`liveId` = 'L02359' [ RunTime:0.018001s ]
[ sql ] [ SQL ] SELECT * FROM `resty_invitation_live_info` `l` INNER JOIN `resty_invitation` `i` ON `i`.`infoId`=`l`.`id` WHERE  `l`.`liveId` = 'L02359' [ RunTime:0.018001s ]
